{"/home/travis/build/npmtest/node-npmtest-homebridge-synology/test.js":{"path":"/home/travis/build/npmtest/node-npmtest-homebridge-synology/test.js","s":{"1":2,"2":2,"3":2,"4":2,"5":2,"6":2,"7":2,"8":1,"9":2,"10":2,"11":1,"12":1,"13":1,"14":1,"15":2,"16":2,"17":2,"18":2,"19":1,"20":1,"21":2,"22":2,"23":2,"24":1,"25":1,"26":1,"27":1,"28":1,"29":1,"30":1,"31":1,"32":1,"33":1,"34":1,"35":1,"36":1,"37":1,"38":1,"39":2,"40":2,"41":1,"42":2,"43":2,"44":1,"45":2,"46":2,"47":1,"48":2,"49":2,"50":1,"51":1,"52":1,"53":1,"54":1},"b":{"1":[2,1,1,1],"2":[1,1,1,1],"3":[1,1],"4":[1,1],"5":[1,1],"6":[1,1],"7":[1,1],"8":[1,1],"9":[1,1],"10":[1,1,1],"11":[1,1],"12":[1,1],"13":[1,1],"14":[1,1],"15":[1,1],"16":[1,1],"17":[1,1]},"f":{"1":2,"2":2,"3":2,"4":2,"5":2,"6":1,"7":1,"8":1,"9":2,"10":2,"11":2,"12":2,"13":1},"fnMap":{"1":{"name":"(anonymous_1)","line":12,"loc":{"start":{"line":12,"column":1},"end":{"line":12,"column":13}}},"2":{"name":"(anonymous_2)","line":19,"loc":{"start":{"line":19,"column":5},"end":{"line":19,"column":17}}},"3":{"name":"(anonymous_3)","line":23,"loc":{"start":{"line":23,"column":24},"end":{"line":23,"column":36}}},"4":{"name":"(anonymous_4)","line":61,"loc":{"start":{"line":61,"column":5},"end":{"line":61,"column":17}}},"5":{"name":"(anonymous_5)","line":82,"loc":{"start":{"line":82,"column":5},"end":{"line":82,"column":17}}},"6":{"name":"(anonymous_6)","line":91,"loc":{"start":{"line":91,"column":77},"end":{"line":94,"column":10}}},"7":{"name":"(anonymous_7)","line":112,"loc":{"start":{"line":112,"column":83},"end":{"line":115,"column":10}},"skip":true},"8":{"name":"(anonymous_8)","line":123,"loc":{"start":{"line":123,"column":77},"end":{"line":126,"column":10}},"skip":true},"9":{"name":"(anonymous_9)","line":139,"loc":{"start":{"line":139,"column":12},"end":{"line":139,"column":40}},"skip":true},"10":{"name":"(anonymous_10)","line":147,"loc":{"start":{"line":147,"column":77},"end":{"line":150,"column":10}},"skip":true},"11":{"name":"(anonymous_11)","line":158,"loc":{"start":{"line":158,"column":83},"end":{"line":161,"column":10}},"skip":true},"12":{"name":"(anonymous_12)","line":169,"loc":{"start":{"line":169,"column":79},"end":{"line":172,"column":10}},"skip":true},"13":{"name":"(anonymous_13)","line":180,"loc":{"start":{"line":180,"column":75},"end":{"line":183,"column":10}},"skip":true}},"statementMap":{"1":{"start":{"line":12,"column":0},"end":{"line":195,"column":5}},"2":{"start":{"line":14,"column":4},"end":{"line":14,"column":14}},"3":{"start":{"line":19,"column":4},"end":{"line":56,"column":9}},"4":{"start":{"line":21,"column":8},"end":{"line":21,"column":19}},"5":{"start":{"line":23,"column":8},"end":{"line":35,"column":13}},"6":{"start":{"line":24,"column":12},"end":{"line":34,"column":13}},"7":{"start":{"line":25,"column":16},"end":{"line":28,"column":30}},"8":{"start":{"line":30,"column":16},"end":{"line":33,"column":27}},"9":{"start":{"line":37,"column":8},"end":{"line":39,"column":21}},"10":{"start":{"line":40,"column":8},"end":{"line":53,"column":9}},"11":{"start":{"line":43,"column":12},"end":{"line":46,"column":14}},"12":{"start":{"line":47,"column":12},"end":{"line":47,"column":18}},"13":{"start":{"line":50,"column":12},"end":{"line":51,"column":46}},"14":{"start":{"line":52,"column":12},"end":{"line":52,"column":18}},"15":{"start":{"line":55,"column":8},"end":{"line":55,"column":35}},"16":{"start":{"line":61,"column":4},"end":{"line":63,"column":9}},"17":{"start":{"line":62,"column":8},"end":{"line":62,"column":15}},"18":{"start":{"line":64,"column":4},"end":{"line":77,"column":5}},"19":{"start":{"line":70,"column":8},"end":{"line":70,"column":14}},"20":{"start":{"line":76,"column":8},"end":{"line":76,"column":14}},"21":{"start":{"line":82,"column":4},"end":{"line":84,"column":9}},"22":{"start":{"line":83,"column":8},"end":{"line":83,"column":15}},"23":{"start":{"line":85,"column":4},"end":{"line":194,"column":5}},"24":{"start":{"line":91,"column":8},"end":{"line":99,"column":10}},"25":{"start":{"line":98,"column":12},"end":{"line":98,"column":35}},"26":{"start":{"line":102,"column":8},"end":{"line":104,"column":63}},"27":{"start":{"line":105,"column":8},"end":{"line":105,"column":14}},"28":{"start":{"line":112,"column":8},"end":{"line":121,"column":10},"skip":true},"29":{"start":{"line":119,"column":12},"end":{"line":119,"column":55},"skip":true},"30":{"start":{"line":120,"column":12},"end":{"line":120,"column":48},"skip":true},"31":{"start":{"line":123,"column":8},"end":{"line":136,"column":10},"skip":true},"32":{"start":{"line":130,"column":12},"end":{"line":130,"column":76},"skip":true},"33":{"start":{"line":131,"column":12},"end":{"line":131,"column":73},"skip":true},"34":{"start":{"line":132,"column":12},"end":{"line":132,"column":74},"skip":true},"35":{"start":{"line":133,"column":12},"end":{"line":133,"column":79},"skip":true},"36":{"start":{"line":134,"column":12},"end":{"line":134,"column":25},"skip":true},"37":{"start":{"line":135,"column":12},"end":{"line":135,"column":45},"skip":true},"38":{"start":{"line":138,"column":8},"end":{"line":145,"column":14},"skip":true},"39":{"start":{"line":143,"column":16},"end":{"line":143,"column":29},"skip":true},"40":{"start":{"line":144,"column":16},"end":{"line":144,"column":55},"skip":true},"41":{"start":{"line":147,"column":8},"end":{"line":156,"column":10},"skip":true},"42":{"start":{"line":154,"column":12},"end":{"line":154,"column":25},"skip":true},"43":{"start":{"line":155,"column":12},"end":{"line":155,"column":45},"skip":true},"44":{"start":{"line":158,"column":8},"end":{"line":167,"column":10},"skip":true},"45":{"start":{"line":165,"column":12},"end":{"line":165,"column":25},"skip":true},"46":{"start":{"line":166,"column":12},"end":{"line":166,"column":48},"skip":true},"47":{"start":{"line":169,"column":8},"end":{"line":178,"column":10},"skip":true},"48":{"start":{"line":176,"column":12},"end":{"line":176,"column":25},"skip":true},"49":{"start":{"line":177,"column":12},"end":{"line":177,"column":46},"skip":true},"50":{"start":{"line":180,"column":8},"end":{"line":189,"column":10},"skip":true},"51":{"start":{"line":187,"column":12},"end":{"line":187,"column":94},"skip":true},"52":{"start":{"line":188,"column":12},"end":{"line":188,"column":48},"skip":true},"53":{"start":{"line":192,"column":8},"end":{"line":192,"column":35},"skip":true},"54":{"start":{"line":193,"column":8},"end":{"line":193,"column":14},"skip":true}},"branchMap":{"1":{"line":25,"type":"binary-expr","locations":[{"start":{"line":25,"column":23},"end":{"line":25,"column":62}},{"start":{"line":26,"column":20},"end":{"line":26,"column":70}},{"start":{"line":27,"column":20},"end":{"line":27,"column":71}},{"start":{"line":28,"column":20},"end":{"line":28,"column":29}}]},"2":{"line":30,"type":"binary-expr","locations":[{"start":{"line":30,"column":23},"end":{"line":30,"column":37}},{"start":{"line":31,"column":20},"end":{"line":31,"column":61}},{"start":{"line":32,"column":20},"end":{"line":32,"column":70}},{"start":{"line":33,"column":20},"end":{"line":33,"column":26}}]},"3":{"line":37,"type":"cond-expr","locations":[{"start":{"line":38,"column":14},"end":{"line":38,"column":20}},{"start":{"line":39,"column":14},"end":{"line":39,"column":20}}]},"4":{"line":40,"type":"switch","locations":[{"start":{"line":42,"column":8},"end":{"line":47,"column":18}},{"start":{"line":49,"column":8},"end":{"line":52,"column":18}}]},"5":{"line":44,"type":"binary-expr","locations":[{"start":{"line":44,"column":16},"end":{"line":44,"column":44}},{"start":{"line":44,"column":48},"end":{"line":44,"column":66}}]},"6":{"line":50,"type":"binary-expr","locations":[{"start":{"line":50,"column":21},"end":{"line":50,"column":49}},{"start":{"line":50,"column":53},"end":{"line":50,"column":72}}]},"7":{"line":64,"type":"switch","locations":[{"start":{"line":69,"column":4},"end":{"line":70,"column":14}},{"start":{"line":75,"column":4},"end":{"line":76,"column":14}}]},"8":{"line":85,"type":"switch","locations":[{"start":{"line":90,"column":4},"end":{"line":105,"column":14}},{"start":{"line":111,"column":4},"end":{"line":193,"column":14},"skip":true}]},"9":{"line":91,"type":"binary-expr","locations":[{"start":{"line":91,"column":42},"end":{"line":91,"column":73}},{"start":{"line":91,"column":77},"end":{"line":99,"column":9}}]},"10":{"line":102,"type":"binary-expr","locations":[{"start":{"line":102,"column":18},"end":{"line":102,"column":32}},{"start":{"line":103,"column":12},"end":{"line":103,"column":53}},{"start":{"line":104,"column":12},"end":{"line":104,"column":61}}]},"11":{"line":112,"type":"binary-expr","locations":[{"start":{"line":112,"column":45},"end":{"line":112,"column":79},"skip":true},{"start":{"line":112,"column":83},"end":{"line":121,"column":9},"skip":true}]},"12":{"line":123,"type":"binary-expr","locations":[{"start":{"line":123,"column":42},"end":{"line":123,"column":73},"skip":true},{"start":{"line":123,"column":77},"end":{"line":136,"column":9},"skip":true}]},"13":{"line":138,"type":"binary-expr","locations":[{"start":{"line":138,"column":48},"end":{"line":138,"column":85},"skip":true},{"start":{"line":139,"column":12},"end":{"line":145,"column":13},"skip":true}]},"14":{"line":147,"type":"binary-expr","locations":[{"start":{"line":147,"column":42},"end":{"line":147,"column":73},"skip":true},{"start":{"line":147,"column":77},"end":{"line":156,"column":9},"skip":true}]},"15":{"line":158,"type":"binary-expr","locations":[{"start":{"line":158,"column":45},"end":{"line":158,"column":79},"skip":true},{"start":{"line":158,"column":83},"end":{"line":167,"column":9},"skip":true}]},"16":{"line":169,"type":"binary-expr","locations":[{"start":{"line":169,"column":43},"end":{"line":169,"column":75},"skip":true},{"start":{"line":169,"column":79},"end":{"line":178,"column":9},"skip":true}]},"17":{"line":180,"type":"binary-expr","locations":[{"start":{"line":180,"column":41},"end":{"line":180,"column":71},"skip":true},{"start":{"line":180,"column":75},"end":{"line":189,"column":9},"skip":true}]}},"code":["/* istanbul instrument in package npmtest_homebridge_synology */","/*jslint","    bitwise: true,","    browser: true,","    maxerr: 8,","    maxlen: 96,","    node: true,","    nomen: true,","    regexp: true,","    stupid: true","*/","(function () {","    'use strict';","    var local;","","","","    // run shared js-env code - pre-init","    (function () {","        // init local","        local = {};","        // init modeJs","        local.modeJs = (function () {","            try {","                return typeof navigator.userAgent === 'string' &&","                    typeof document.querySelector('body') === 'object' &&","                    typeof XMLHttpRequest.prototype.open === 'function' &&","                    'browser';","            } catch (errorCaughtBrowser) {","                return module.exports &&","                    typeof process.versions.node === 'string' &&","                    typeof require('http').createServer === 'function' &&","                    'node';","            }","        }());","        // init global","        local.global = local.modeJs === 'browser'","            ? window","            : global;","        switch (local.modeJs) {","        // re-init local from window.local","        case 'browser':","            local = local.global.utility2.objectSetDefault(","                local.global.utility2_rollup || local.global.local,","                local.global.utility2","            );","            break;","        // re-init local from example.js","        case 'node':","            local = (local.global.utility2_rollup || require('utility2'))","                .requireExampleJsFromReadme();","            break;","        }","        // export local","        local.global.local = local;","    }());","","","","    // run shared js-env code - function","    (function () {","        return;","    }());","    switch (local.modeJs) {","","","","    // run browser js-env code - function","    case 'browser':","        break;","","","","    // run node js-env code - function","    case 'node':","        break;","    }","","","","    // run shared js-env code - post-init","    (function () {","        return;","    }());","    switch (local.modeJs) {","","","","    // run browser js-env code - post-init","    case 'browser':","        local.testCase_browser_nullCase = local.testCase_browser_nullCase || function (","            options,","            onError","        ) {","        /*","         * this function will test browsers's null-case handling-behavior-behavior","         */","            onError(null, options);","        };","","        // run tests","        local.nop(local.modeTest &&","            document.querySelector('#testRunButton1') &&","            document.querySelector('#testRunButton1').click());","        break;","","","","    // run node js-env code - post-init","    /* istanbul ignore next */","    case 'node':","        local.testCase_buildApidoc_default = local.testCase_buildApidoc_default || function (","            options,","            onError","        ) {","        /*","         * this function will test buildApidoc's default handling-behavior-behavior","         */","            options = { modulePathList: module.paths };","            local.buildApidoc(options, onError);","        };","","        local.testCase_buildApp_default = local.testCase_buildApp_default || function (","            options,","            onError","        ) {","        /*","         * this function will test buildApp's default handling-behavior-behavior","         */","            local.testCase_buildReadme_default(options, local.onErrorThrow);","            local.testCase_buildLib_default(options, local.onErrorThrow);","            local.testCase_buildTest_default(options, local.onErrorThrow);","            local.testCase_buildCustomOrg_default(options, local.onErrorThrow);","            options = [];","            local.buildApp(options, onError);","        };","","        local.testCase_buildCustomOrg_default = local.testCase_buildCustomOrg_default ||","            function (options, onError) {","            /*","             * this function will test buildCustomOrg's default handling-behavior","             */","                options = {};","                local.buildCustomOrg(options, onError);","            };","","        local.testCase_buildLib_default = local.testCase_buildLib_default || function (","            options,","            onError","        ) {","        /*","         * this function will test buildLib's default handling-behavior","         */","            options = {};","            local.buildLib(options, onError);","        };","","        local.testCase_buildReadme_default = local.testCase_buildReadme_default || function (","            options,","            onError","        ) {","        /*","         * this function will test buildReadme's default handling-behavior-behavior","         */","            options = {};","            local.buildReadme(options, onError);","        };","","        local.testCase_buildTest_default = local.testCase_buildTest_default || function (","            options,","            onError","        ) {","        /*","         * this function will test buildTest's default handling-behavior","         */","            options = {};","            local.buildTest(options, onError);","        };","","        local.testCase_webpage_default = local.testCase_webpage_default || function (","            options,","            onError","        ) {","        /*","         * this function will test webpage's default handling-behavior","         */","            options = { modeCoverageMerge: true, url: local.serverLocalHost + '?modeTest=1' };","            local.browserTest(options, onError);","        };","","        // run test-server","        local.testRunServer(local);","        break;","    }","}());",""],"l":{"12":2,"14":2,"19":2,"21":2,"23":2,"24":2,"25":2,"30":1,"37":2,"40":2,"43":1,"47":1,"50":1,"52":1,"55":2,"61":2,"62":2,"64":2,"70":1,"76":1,"82":2,"83":2,"85":2,"91":1,"98":1,"102":1,"105":1,"112":1,"119":1,"120":1,"123":1,"130":1,"131":1,"132":1,"133":1,"134":1,"135":1,"138":1,"143":2,"144":2,"147":1,"154":2,"155":2,"158":1,"165":2,"166":2,"169":1,"176":2,"177":2,"180":1,"187":1,"188":1,"192":1,"193":1}},"/home/travis/build/npmtest/node-npmtest-homebridge-synology/lib.npmtest_homebridge_synology.js":{"path":"/home/travis/build/npmtest/node-npmtest-homebridge-synology/lib.npmtest_homebridge_synology.js","s":{"1":2,"2":2,"3":2,"4":2,"5":2,"6":2,"7":2,"8":1,"9":2,"10":2,"11":2,"12":2,"13":1,"14":1,"15":1,"16":1},"b":{"1":[2,1,1,1],"2":[1,1,1,1],"3":[1,1],"4":[2,2],"5":[1,1]},"f":{"1":2,"2":2,"3":2},"fnMap":{"1":{"name":"(anonymous_1)","line":12,"loc":{"start":{"line":12,"column":1},"end":{"line":12,"column":13}}},"2":{"name":"(anonymous_2)","line":19,"loc":{"start":{"line":19,"column":5},"end":{"line":19,"column":17}}},"3":{"name":"(anonymous_3)","line":23,"loc":{"start":{"line":23,"column":24},"end":{"line":23,"column":36}}}},"statementMap":{"1":{"start":{"line":12,"column":0},"end":{"line":53,"column":5}},"2":{"start":{"line":14,"column":4},"end":{"line":14,"column":14}},"3":{"start":{"line":19,"column":4},"end":{"line":52,"column":9}},"4":{"start":{"line":21,"column":8},"end":{"line":21,"column":19}},"5":{"start":{"line":23,"column":8},"end":{"line":35,"column":13}},"6":{"start":{"line":24,"column":12},"end":{"line":34,"column":13}},"7":{"start":{"line":25,"column":16},"end":{"line":28,"column":30}},"8":{"start":{"line":30,"column":16},"end":{"line":33,"column":27}},"9":{"start":{"line":37,"column":8},"end":{"line":39,"column":21}},"10":{"start":{"line":41,"column":8},"end":{"line":41,"column":54}},"11":{"start":{"line":43,"column":8},"end":{"line":43,"column":64}},"12":{"start":{"line":45,"column":8},"end":{"line":51,"column":9}},"13":{"start":{"line":46,"column":12},"end":{"line":46,"column":70}},"14":{"start":{"line":48,"column":12},"end":{"line":48,"column":35}},"15":{"start":{"line":49,"column":12},"end":{"line":49,"column":49}},"16":{"start":{"line":50,"column":12},"end":{"line":50,"column":43}}},"branchMap":{"1":{"line":25,"type":"binary-expr","locations":[{"start":{"line":25,"column":23},"end":{"line":25,"column":62}},{"start":{"line":26,"column":20},"end":{"line":26,"column":70}},{"start":{"line":27,"column":20},"end":{"line":27,"column":71}},{"start":{"line":28,"column":20},"end":{"line":28,"column":29}}]},"2":{"line":30,"type":"binary-expr","locations":[{"start":{"line":30,"column":23},"end":{"line":30,"column":37}},{"start":{"line":31,"column":20},"end":{"line":31,"column":61}},{"start":{"line":32,"column":20},"end":{"line":32,"column":70}},{"start":{"line":33,"column":20},"end":{"line":33,"column":26}}]},"3":{"line":37,"type":"cond-expr","locations":[{"start":{"line":38,"column":14},"end":{"line":38,"column":20}},{"start":{"line":39,"column":14},"end":{"line":39,"column":20}}]},"4":{"line":41,"type":"binary-expr","locations":[{"start":{"line":41,"column":16},"end":{"line":41,"column":44}},{"start":{"line":41,"column":48},"end":{"line":41,"column":53}}]},"5":{"line":45,"type":"if","locations":[{"start":{"line":45,"column":8},"end":{"line":45,"column":8}},{"start":{"line":45,"column":8},"end":{"line":45,"column":8}}]}},"code":["/* istanbul instrument in package npmtest_homebridge_synology */","/*jslint","    bitwise: true,","    browser: true,","    maxerr: 8,","    maxlen: 96,","    node: true,","    nomen: true,","    regexp: true,","    stupid: true","*/","(function () {","    'use strict';","    var local;","","","","    // run shared js-env code - pre-init","    (function () {","        // init local","        local = {};","        // init modeJs","        local.modeJs = (function () {","            try {","                return typeof navigator.userAgent === 'string' &&","                    typeof document.querySelector('body') === 'object' &&","                    typeof XMLHttpRequest.prototype.open === 'function' &&","                    'browser';","            } catch (errorCaughtBrowser) {","                return module.exports &&","                    typeof process.versions.node === 'string' &&","                    typeof require('http').createServer === 'function' &&","                    'node';","            }","        }());","        // init global","        local.global = local.modeJs === 'browser'","            ? window","            : global;","        // init utility2_rollup","        local = local.global.utility2_rollup || local;","        // init lib","        local.local = local.npmtest_homebridge_synology = local;","        // init exports","        if (local.modeJs === 'browser') {","            local.global.utility2_npmtest_homebridge_synology = local;","        } else {","            module.exports = local;","            module.exports.__dirname = __dirname;","            module.exports.module = module;","        }","    }());","}());",""],"l":{"12":2,"14":2,"19":2,"21":2,"23":2,"24":2,"25":2,"30":1,"37":2,"41":2,"43":2,"45":2,"46":1,"48":1,"49":1,"50":1}},"/home/travis/build/npmtest/node-npmtest-homebridge-synology/example.js":{"path":"/home/travis/build/npmtest/node-npmtest-homebridge-synology/example.js","s":{"1":2,"2":2,"3":2,"4":2,"5":2,"6":2,"7":2,"8":1,"9":2,"10":2,"11":2,"12":2,"13":1,"14":2,"15":2,"16":2,"17":2,"18":2,"19":0,"20":2,"21":1,"22":1,"23":1,"24":1,"25":1,"26":0,"27":0,"28":1,"29":1,"30":2,"31":0,"32":0,"33":0,"34":1,"35":2,"36":2,"37":3,"38":3,"39":3,"40":3,"41":0,"42":3,"43":3,"44":3,"45":1,"46":3,"47":1,"48":1,"49":1,"50":1,"51":1,"52":1,"53":1,"54":1,"55":1,"56":1,"57":0,"58":1,"59":6,"60":6,"61":1,"62":2,"63":0,"64":2,"65":1,"66":1,"67":0,"68":0,"69":0,"70":0,"71":0,"72":0,"73":0,"74":0,"75":0,"76":0,"77":0,"78":0,"79":0,"80":0,"81":0,"82":0,"83":0},"b":{"1":[2,1,1,1],"2":[1,1,1,1],"3":[1,1],"4":[2,2],"5":[1,1],"6":[1,1],"7":[2,0],"8":[2,1,1,1,1,1],"9":[0,2,0],"10":[1,1],"11":[2,1,1],"12":[1,0],"13":[0,2],"14":[2,0,0,0,0,0,0],"15":[0,3],"16":[3,0],"17":[1,1],"18":[0,1],"19":[1,2,0,2],"20":[1,0],"21":[1,1],"22":[0,0],"23":[0,0],"24":[0,0],"25":[0,0],"26":[0,0],"27":[0,0],"28":[0,0]},"f":{"1":2,"2":2,"3":2,"4":2,"5":2,"6":2,"7":3,"8":3,"9":3,"10":1,"11":6,"12":0},"fnMap":{"1":{"name":"(anonymous_1)","line":26,"loc":{"start":{"line":26,"column":1},"end":{"line":26,"column":13}}},"2":{"name":"(anonymous_2)","line":33,"loc":{"start":{"line":33,"column":5},"end":{"line":33,"column":17}}},"3":{"name":"(anonymous_3)","line":37,"loc":{"start":{"line":37,"column":24},"end":{"line":37,"column":36}}},"4":{"name":"(anonymous_4)","line":69,"loc":{"start":{"line":69,"column":31},"end":{"line":69,"column":48}},"skip":true},"5":{"name":"(anonymous_5)","line":78,"loc":{"start":{"line":78,"column":26},"end":{"line":78,"column":45}},"skip":true},"6":{"name":"(anonymous_6)","line":123,"loc":{"start":{"line":123,"column":33},"end":{"line":123,"column":48}},"skip":true},"7":{"name":"(anonymous_7)","line":125,"loc":{"start":{"line":125,"column":27},"end":{"line":125,"column":39}},"skip":true},"8":{"name":"(anonymous_8)","line":133,"loc":{"start":{"line":133,"column":59},"end":{"line":133,"column":74}},"skip":true},"9":{"name":"(anonymous_9)","line":143,"loc":{"start":{"line":143,"column":45},"end":{"line":143,"column":62}},"skip":true},"10":{"name":"(anonymous_10)","line":144,"loc":{"start":{"line":144,"column":73},"end":{"line":144,"column":92}},"skip":true},"11":{"name":"(anonymous_11)","line":272,"loc":{"start":{"line":272,"column":51},"end":{"line":272,"column":77}},"skip":true},"12":{"name":"(anonymous_12)","line":315,"loc":{"start":{"line":315,"column":32},"end":{"line":315,"column":61}},"skip":true}},"statementMap":{"1":{"start":{"line":26,"column":0},"end":{"line":326,"column":5}},"2":{"start":{"line":28,"column":4},"end":{"line":28,"column":14}},"3":{"start":{"line":33,"column":4},"end":{"line":60,"column":9}},"4":{"start":{"line":35,"column":8},"end":{"line":35,"column":19}},"5":{"start":{"line":37,"column":8},"end":{"line":49,"column":13}},"6":{"start":{"line":38,"column":12},"end":{"line":48,"column":13}},"7":{"start":{"line":39,"column":16},"end":{"line":42,"column":30}},"8":{"start":{"line":44,"column":16},"end":{"line":47,"column":27}},"9":{"start":{"line":51,"column":8},"end":{"line":53,"column":21}},"10":{"start":{"line":55,"column":8},"end":{"line":57,"column":45}},"11":{"start":{"line":59,"column":8},"end":{"line":59,"column":35}},"12":{"start":{"line":61,"column":4},"end":{"line":325,"column":5}},"13":{"start":{"line":69,"column":8},"end":{"line":121,"column":10},"skip":true},"14":{"start":{"line":70,"column":12},"end":{"line":88,"column":13},"skip":true},"15":{"start":{"line":76,"column":16},"end":{"line":87,"column":19},"skip":true},"16":{"start":{"line":79,"column":20},"end":{"line":86,"column":21},"skip":true},"17":{"start":{"line":82,"column":24},"end":{"line":82,"column":43},"skip":true},"18":{"start":{"line":83,"column":24},"end":{"line":83,"column":30},"skip":true},"19":{"start":{"line":85,"column":24},"end":{"line":85,"column":49},"skip":true},"20":{"start":{"line":89,"column":12},"end":{"line":107,"column":13},"skip":true},"21":{"start":{"line":92,"column":16},"end":{"line":102,"column":17},"skip":true},"22":{"start":{"line":93,"column":20},"end":{"line":93,"column":86},"skip":true},"23":{"start":{"line":94,"column":20},"end":{"line":95,"column":45},"skip":true},"24":{"start":{"line":96,"column":20},"end":{"line":96,"column":42},"skip":true},"25":{"start":{"line":97,"column":20},"end":{"line":97,"column":48},"skip":true},"26":{"start":{"line":100,"column":20},"end":{"line":100,"column":85},"skip":true},"27":{"start":{"line":101,"column":20},"end":{"line":101,"column":96},"skip":true},"28":{"start":{"line":103,"column":16},"end":{"line":103,"column":22},"skip":true},"29":{"start":{"line":106,"column":16},"end":{"line":106,"column":22},"skip":true},"30":{"start":{"line":108,"column":12},"end":{"line":120,"column":13},"skip":true},"31":{"start":{"line":114,"column":16},"end":{"line":119,"column":17},"skip":true},"32":{"start":{"line":116,"column":20},"end":{"line":116,"column":78},"skip":true},"33":{"start":{"line":118,"column":20},"end":{"line":118,"column":47},"skip":true},"34":{"start":{"line":123,"column":8},"end":{"line":141,"column":11},"skip":true},"35":{"start":{"line":124,"column":12},"end":{"line":124,"column":54},"skip":true},"36":{"start":{"line":125,"column":12},"end":{"line":140,"column":14},"skip":true},"37":{"start":{"line":126,"column":16},"end":{"line":126,"column":28},"skip":true},"38":{"start":{"line":127,"column":16},"end":{"line":127,"column":69},"skip":true},"39":{"start":{"line":128,"column":16},"end":{"line":128,"column":75},"skip":true},"40":{"start":{"line":129,"column":16},"end":{"line":131,"column":17},"skip":true},"41":{"start":{"line":130,"column":20},"end":{"line":130,"column":27},"skip":true},"42":{"start":{"line":133,"column":16},"end":{"line":137,"column":36},"skip":true},"43":{"start":{"line":134,"column":20},"end":{"line":136,"column":55},"skip":true},"44":{"start":{"line":139,"column":16},"end":{"line":139,"column":57},"skip":true},"45":{"start":{"line":143,"column":8},"end":{"line":147,"column":11},"skip":true},"46":{"start":{"line":144,"column":12},"end":{"line":146,"column":15},"skip":true},"47":{"start":{"line":145,"column":16},"end":{"line":145,"column":70},"skip":true},"48":{"start":{"line":149,"column":8},"end":{"line":149,"column":31},"skip":true},"49":{"start":{"line":150,"column":8},"end":{"line":150,"column":14},"skip":true},"50":{"start":{"line":158,"column":8},"end":{"line":158,"column":31},"skip":true},"51":{"start":{"line":160,"column":8},"end":{"line":160,"column":33},"skip":true},"52":{"start":{"line":161,"column":8},"end":{"line":161,"column":37},"skip":true},"53":{"start":{"line":162,"column":8},"end":{"line":162,"column":35},"skip":true},"54":{"start":{"line":164,"column":8},"end":{"line":164,"column":50},"skip":true},"55":{"start":{"line":166,"column":8},"end":{"line":256,"column":2},"skip":true},"56":{"start":{"line":258,"column":8},"end":{"line":286,"column":9},"skip":true},"57":{"start":{"line":259,"column":12},"end":{"line":269,"column":14},"skip":true},"58":{"start":{"line":271,"column":12},"end":{"line":285,"column":19},"skip":true},"59":{"start":{"line":274,"column":20},"end":{"line":274,"column":35},"skip":true},"60":{"start":{"line":275,"column":20},"end":{"line":284,"column":21},"skip":true},"61":{"start":{"line":277,"column":24},"end":{"line":277,"column":64},"skip":true},"62":{"start":{"line":279,"column":24},"end":{"line":279,"column":40},"skip":true},"63":{"start":{"line":281,"column":24},"end":{"line":281,"column":40},"skip":true},"64":{"start":{"line":283,"column":24},"end":{"line":283,"column":39},"skip":true},"65":{"start":{"line":288,"column":8},"end":{"line":290,"column":9},"skip":true},"66":{"start":{"line":289,"column":12},"end":{"line":289,"column":18},"skip":true},"67":{"start":{"line":291,"column":8},"end":{"line":293,"column":54},"skip":true},"68":{"start":{"line":296,"column":8},"end":{"line":301,"column":37},"skip":true},"69":{"start":{"line":303,"column":8},"end":{"line":303,"column":82},"skip":true},"70":{"start":{"line":306,"column":8},"end":{"line":308,"column":9},"skip":true},"71":{"start":{"line":307,"column":12},"end":{"line":307,"column":82},"skip":true},"72":{"start":{"line":310,"column":8},"end":{"line":312,"column":9},"skip":true},"73":{"start":{"line":311,"column":12},"end":{"line":311,"column":18},"skip":true},"74":{"start":{"line":313,"column":8},"end":{"line":313,"column":54},"skip":true},"75":{"start":{"line":314,"column":8},"end":{"line":314,"column":69},"skip":true},"76":{"start":{"line":315,"column":8},"end":{"line":323,"column":36},"skip":true},"77":{"start":{"line":316,"column":12},"end":{"line":316,"column":61},"skip":true},"78":{"start":{"line":317,"column":12},"end":{"line":320,"column":13},"skip":true},"79":{"start":{"line":318,"column":16},"end":{"line":318,"column":75},"skip":true},"80":{"start":{"line":319,"column":16},"end":{"line":319,"column":23},"skip":true},"81":{"start":{"line":321,"column":12},"end":{"line":321,"column":38},"skip":true},"82":{"start":{"line":322,"column":12},"end":{"line":322,"column":27},"skip":true},"83":{"start":{"line":324,"column":8},"end":{"line":324,"column":14},"skip":true}},"branchMap":{"1":{"line":39,"type":"binary-expr","locations":[{"start":{"line":39,"column":23},"end":{"line":39,"column":62}},{"start":{"line":40,"column":20},"end":{"line":40,"column":70}},{"start":{"line":41,"column":20},"end":{"line":41,"column":71}},{"start":{"line":42,"column":20},"end":{"line":42,"column":29}}]},"2":{"line":44,"type":"binary-expr","locations":[{"start":{"line":44,"column":23},"end":{"line":44,"column":37}},{"start":{"line":45,"column":20},"end":{"line":45,"column":61}},{"start":{"line":46,"column":20},"end":{"line":46,"column":70}},{"start":{"line":47,"column":20},"end":{"line":47,"column":26}}]},"3":{"line":51,"type":"cond-expr","locations":[{"start":{"line":52,"column":14},"end":{"line":52,"column":20}},{"start":{"line":53,"column":14},"end":{"line":53,"column":20}}]},"4":{"line":55,"type":"binary-expr","locations":[{"start":{"line":55,"column":16},"end":{"line":55,"column":44}},{"start":{"line":55,"column":49},"end":{"line":57,"column":43}}]},"5":{"line":55,"type":"cond-expr","locations":[{"start":{"line":56,"column":14},"end":{"line":56,"column":63}},{"start":{"line":57,"column":14},"end":{"line":57,"column":43}}]},"6":{"line":61,"type":"switch","locations":[{"start":{"line":68,"column":4},"end":{"line":150,"column":14},"skip":true},{"start":{"line":156,"column":4},"end":{"line":324,"column":14},"skip":true}]},"7":{"line":70,"type":"if","locations":[{"start":{"line":70,"column":12},"end":{"line":70,"column":12},"skip":true},{"start":{"line":70,"column":12},"end":{"line":70,"column":12},"skip":true}]},"8":{"line":70,"type":"binary-expr","locations":[{"start":{"line":70,"column":16},"end":{"line":70,"column":22},"skip":true},{"start":{"line":70,"column":27},"end":{"line":70,"column":32},"skip":true},{"start":{"line":71,"column":20},"end":{"line":71,"column":39},"skip":true},{"start":{"line":72,"column":20},"end":{"line":72,"column":49},"skip":true},{"start":{"line":73,"column":20},"end":{"line":73,"column":58},"skip":true},{"start":{"line":74,"column":20},"end":{"line":74,"column":69},"skip":true}]},"9":{"line":79,"type":"switch","locations":[{"start":{"line":80,"column":20},"end":{"line":80,"column":33},"skip":true},{"start":{"line":81,"column":20},"end":{"line":83,"column":30},"skip":true},{"start":{"line":84,"column":20},"end":{"line":85,"column":49},"skip":true}]},"10":{"line":89,"type":"switch","locations":[{"start":{"line":90,"column":12},"end":{"line":103,"column":22},"skip":true},{"start":{"line":105,"column":12},"end":{"line":106,"column":22},"skip":true}]},"11":{"line":89,"type":"binary-expr","locations":[{"start":{"line":89,"column":20},"end":{"line":89,"column":25},"skip":true},{"start":{"line":89,"column":29},"end":{"line":89,"column":48},"skip":true},{"start":{"line":89,"column":52},"end":{"line":89,"column":74},"skip":true}]},"12":{"line":92,"type":"if","locations":[{"start":{"line":92,"column":16},"end":{"line":92,"column":16},"skip":true},{"start":{"line":92,"column":16},"end":{"line":92,"column":16},"skip":true}]},"13":{"line":108,"type":"if","locations":[{"start":{"line":108,"column":12},"end":{"line":108,"column":12},"skip":true},{"start":{"line":108,"column":12},"end":{"line":108,"column":12},"skip":true}]},"14":{"line":108,"type":"binary-expr","locations":[{"start":{"line":108,"column":16},"end":{"line":108,"column":61},"skip":true},{"start":{"line":108,"column":66},"end":{"line":108,"column":72},"skip":true},{"start":{"line":108,"column":77},"end":{"line":108,"column":82},"skip":true},{"start":{"line":109,"column":20},"end":{"line":109,"column":39},"skip":true},{"start":{"line":110,"column":20},"end":{"line":110,"column":49},"skip":true},{"start":{"line":111,"column":20},"end":{"line":111,"column":58},"skip":true},{"start":{"line":112,"column":20},"end":{"line":112,"column":68},"skip":true}]},"15":{"line":129,"type":"if","locations":[{"start":{"line":129,"column":16},"end":{"line":129,"column":16},"skip":true},{"start":{"line":129,"column":16},"end":{"line":129,"column":16},"skip":true}]},"16":{"line":134,"type":"cond-expr","locations":[{"start":{"line":135,"column":26},"end":{"line":135,"column":29},"skip":true},{"start":{"line":136,"column":26},"end":{"line":136,"column":54},"skip":true}]},"17":{"line":164,"type":"binary-expr","locations":[{"start":{"line":164,"column":27},"end":{"line":164,"column":43},"skip":true},{"start":{"line":164,"column":47},"end":{"line":164,"column":49},"skip":true}]},"18":{"line":258,"type":"if","locations":[{"start":{"line":258,"column":8},"end":{"line":258,"column":8},"skip":true},{"start":{"line":258,"column":8},"end":{"line":258,"column":8},"skip":true}]},"19":{"line":275,"type":"switch","locations":[{"start":{"line":276,"column":20},"end":{"line":277,"column":64},"skip":true},{"start":{"line":278,"column":20},"end":{"line":279,"column":40},"skip":true},{"start":{"line":280,"column":20},"end":{"line":281,"column":40},"skip":true},{"start":{"line":282,"column":20},"end":{"line":283,"column":39},"skip":true}]},"20":{"line":288,"type":"if","locations":[{"start":{"line":288,"column":8},"end":{"line":288,"column":8},"skip":true},{"start":{"line":288,"column":8},"end":{"line":288,"column":8},"skip":true}]},"21":{"line":288,"type":"binary-expr","locations":[{"start":{"line":288,"column":12},"end":{"line":288,"column":40},"skip":true},{"start":{"line":288,"column":44},"end":{"line":288,"column":67},"skip":true}]},"22":{"line":292,"type":"binary-expr","locations":[{"start":{"line":292,"column":12},"end":{"line":292,"column":50},"skip":true},{"start":{"line":293,"column":12},"end":{"line":293,"column":53},"skip":true}]},"23":{"line":297,"type":"binary-expr","locations":[{"start":{"line":297,"column":12},"end":{"line":297,"column":77},"skip":true},{"start":{"line":298,"column":12},"end":{"line":301,"column":36},"skip":true}]},"24":{"line":303,"type":"binary-expr","locations":[{"start":{"line":303,"column":43},"end":{"line":303,"column":75},"skip":true},{"start":{"line":303,"column":79},"end":{"line":303,"column":81},"skip":true}]},"25":{"line":306,"type":"if","locations":[{"start":{"line":306,"column":8},"end":{"line":306,"column":8},"skip":true},{"start":{"line":306,"column":8},"end":{"line":306,"column":8},"skip":true}]},"26":{"line":310,"type":"if","locations":[{"start":{"line":310,"column":8},"end":{"line":310,"column":8},"skip":true},{"start":{"line":310,"column":8},"end":{"line":310,"column":8},"skip":true}]},"27":{"line":313,"type":"binary-expr","locations":[{"start":{"line":313,"column":27},"end":{"line":313,"column":43},"skip":true},{"start":{"line":313,"column":47},"end":{"line":313,"column":53},"skip":true}]},"28":{"line":317,"type":"if","locations":[{"start":{"line":317,"column":12},"end":{"line":317,"column":12},"skip":true},{"start":{"line":317,"column":12},"end":{"line":317,"column":12},"skip":true}]}},"code":["/*","example.js","","quickstart example","","instruction","    1. save this script as example.js","    2. run the shell command:","        $ npm install npmtest-homebridge-synology && PORT=8081 node example.js","    3. play with the browser-demo on http://127.0.0.1:8081","*/","","","","/* istanbul instrument in package npmtest_homebridge_synology */","/*jslint","    bitwise: true,","    browser: true,","    maxerr: 8,","    maxlen: 96,","    node: true,","    nomen: true,","    regexp: true,","    stupid: true","*/","(function () {","    'use strict';","    var local;","","","","    // run shared js-env code - pre-init","    (function () {","        // init local","        local = {};","        // init modeJs","        local.modeJs = (function () {","            try {","                return typeof navigator.userAgent === 'string' &&","                    typeof document.querySelector('body') === 'object' &&","                    typeof XMLHttpRequest.prototype.open === 'function' &&","                    'browser';","            } catch (errorCaughtBrowser) {","                return module.exports &&","                    typeof process.versions.node === 'string' &&","                    typeof require('http').createServer === 'function' &&","                    'node';","            }","        }());","        // init global","        local.global = local.modeJs === 'browser'","            ? window","            : global;","        // init utility2_rollup","        local = local.global.utility2_rollup || (local.modeJs === 'browser'","            ? local.global.utility2_npmtest_homebridge_synology","            : global.utility2_moduleExports);","        // export local","        local.global.local = local;","    }());","    switch (local.modeJs) {","","","","    // post-init","    // run browser js-env code - post-init","    /* istanbul ignore next */","    case 'browser':","        local.testRunBrowser = function (event) {","            if (!event || (event &&","                    event.currentTarget &&","                    event.currentTarget.className &&","                    event.currentTarget.className.includes &&","                    event.currentTarget.className.includes('onreset'))) {","                // reset output","                Array.from(","                    document.querySelectorAll('body > .resettable')","                ).forEach(function (element) {","                    switch (element.tagName) {","                    case 'INPUT':","                    case 'TEXTAREA':","                        element.value = '';","                        break;","                    default:","                        element.textContent = '';","                    }","                });","            }","            switch (event && event.currentTarget && event.currentTarget.id) {","            case 'testRunButton1':","                // show tests","                if (document.querySelector('#testReportDiv1').style.display === 'none') {","                    document.querySelector('#testReportDiv1').style.display = 'block';","                    document.querySelector('#testRunButton1').textContent =","                        'hide internal test';","                    local.modeTest = true;","                    local.testRunDefault(local);","                // hide tests","                } else {","                    document.querySelector('#testReportDiv1').style.display = 'none';","                    document.querySelector('#testRunButton1').textContent = 'run internal test';","                }","                break;","            // custom-case","            default:","                break;","            }","            if (document.querySelector('#inputTextareaEval1') && (!event || (event &&","                    event.currentTarget &&","                    event.currentTarget.className &&","                    event.currentTarget.className.includes &&","                    event.currentTarget.className.includes('oneval')))) {","                // try to eval input-code","                try {","                    /*jslint evil: true*/","                    eval(document.querySelector('#inputTextareaEval1').value);","                } catch (errorCaught) {","                    console.error(errorCaught);","                }","            }","        };","        // log stderr and stdout to #outputTextareaStdout1","        ['error', 'log'].forEach(function (key) {","            console[key + '_original'] = console[key];","            console[key] = function () {","                var element;","                console[key + '_original'].apply(console, arguments);","                element = document.querySelector('#outputTextareaStdout1');","                if (!element) {","                    return;","                }","                // append text to #outputTextareaStdout1","                element.value += Array.from(arguments).map(function (arg) {","                    return typeof arg === 'string'","                        ? arg","                        : JSON.stringify(arg, null, 4);","                }).join(' ') + '\\n';","                // scroll textarea to bottom","                element.scrollTop = element.scrollHeight;","            };","        });","        // init event-handling","        ['change', 'click', 'keyup'].forEach(function (event) {","            Array.from(document.querySelectorAll('.on' + event)).forEach(function (element) {","                element.addEventListener(event, local.testRunBrowser);","            });","        });","        // run tests","        local.testRunBrowser();","        break;","","","","    // run node js-env code - post-init","    /* istanbul ignore next */","    case 'node':","        // export local","        module.exports = local;","        // require modules","        local.fs = require('fs');","        local.http = require('http');","        local.url = require('url');","        // init assets","        local.assetsDict = local.assetsDict || {};","        /* jslint-ignore-begin */","        local.assetsDict['/assets.index.template.html'] = '\\","<!doctype html>\\n\\","<html lang=\"en\">\\n\\","<head>\\n\\","<meta charset=\"UTF-8\">\\n\\","<meta name=\"viewport\" content=\"width=device-width, initial-scale=1\">\\n\\","<title>{{env.npm_package_name}} (v{{env.npm_package_version}})</title>\\n\\","<style>\\n\\","/*csslint\\n\\","    box-sizing: false,\\n\\","    universal-selector: false\\n\\","*/\\n\\","* {\\n\\","    box-sizing: border-box;\\n\\","}\\n\\","body {\\n\\","    background: #dde;\\n\\","    font-family: Arial, Helvetica, sans-serif;\\n\\","    margin: 2rem;\\n\\","}\\n\\","body > * {\\n\\","    margin-bottom: 1rem;\\n\\","}\\n\\",".utility2FooterDiv {\\n\\","    margin-top: 20px;\\n\\","    text-align: center;\\n\\","}\\n\\","</style>\\n\\","<style>\\n\\","/*csslint\\n\\","*/\\n\\","textarea {\\n\\","    font-family: monospace;\\n\\","    height: 10rem;\\n\\","    width: 100%;\\n\\","}\\n\\","textarea[readonly] {\\n\\","    background: #ddd;\\n\\","}\\n\\","</style>\\n\\","</head>\\n\\","<body>\\n\\","<!-- utility2-comment\\n\\","<div id=\"ajaxProgressDiv1\" style=\"background: #d00; height: 2px; left: 0; margin: 0; padding: 0; position: fixed; top: 0; transition: background 0.5s, width 1.5s; width: 25%;\"></div>\\n\\","utility2-comment -->\\n\\","<h1>\\n\\","<!-- utility2-comment\\n\\","    <a\\n\\","        {{#if env.npm_package_homepage}}\\n\\","        href=\"{{env.npm_package_homepage}}\"\\n\\","        {{/if env.npm_package_homepage}}\\n\\","        target=\"_blank\"\\n\\","    >\\n\\","utility2-comment -->\\n\\","        {{env.npm_package_name}} (v{{env.npm_package_version}})\\n\\","<!-- utility2-comment\\n\\","    </a>\\n\\","utility2-comment -->\\n\\","</h1>\\n\\","<h3>{{env.npm_package_description}}</h3>\\n\\","<!-- utility2-comment\\n\\","<h4><a download href=\"assets.app.js\">download standalone app</a></h4>\\n\\","<button class=\"onclick onreset\" id=\"testRunButton1\">run internal test</button><br>\\n\\","<div id=\"testReportDiv1\" style=\"display: none;\"></div>\\n\\","utility2-comment -->\\n\\","\\n\\","\\n\\","\\n\\","<label>stderr and stdout</label>\\n\\","<textarea class=\"resettable\" id=\"outputTextareaStdout1\" readonly></textarea>\\n\\","<!-- utility2-comment\\n\\","{{#if isRollup}}\\n\\","<script src=\"assets.app.js\"></script>\\n\\","{{#unless isRollup}}\\n\\","utility2-comment -->\\n\\","<script src=\"assets.utility2.rollup.js\"></script>\\n\\","<script src=\"jsonp.utility2._stateInit?callback=window.utility2._stateInit\"></script>\\n\\","<script src=\"assets.npmtest_homebridge_synology.rollup.js\"></script>\\n\\","<script src=\"assets.example.js\"></script>\\n\\","<script src=\"assets.test.js\"></script>\\n\\","<!-- utility2-comment\\n\\","{{/if isRollup}}\\n\\","utility2-comment -->\\n\\","<div class=\"utility2FooterDiv\">\\n\\","    [ this app was created with\\n\\","    <a href=\"https://github.com/kaizhu256/node-utility2\" target=\"_blank\">utility2</a>\\n\\","    ]\\n\\","</div>\\n\\","</body>\\n\\","</html>\\n\\","';","        /* jslint-ignore-end */","        if (local.templateRender) {","            local.assetsDict['/'] = local.templateRender(","                local.assetsDict['/assets.index.template.html'],","                {","                    env: local.objectSetDefault(local.env, {","                        npm_package_description: 'the greatest app in the world!',","                        npm_package_name: 'my-app',","                        npm_package_nameAlias: 'my_app',","                        npm_package_version: '0.0.1'","                    })","                }","            );","        } else {","            local.assetsDict['/'] = local.assetsDict['/assets.index.template.html']","                .replace((/\\{\\{env\\.(\\w+?)\\}\\}/g), function (match0, match1) {","                    // jslint-hack","                    String(match0);","                    switch (match1) {","                    case 'npm_package_description':","                        return 'the greatest app in the world!';","                    case 'npm_package_name':","                        return 'my-app';","                    case 'npm_package_nameAlias':","                        return 'my_app';","                    case 'npm_package_version':","                        return '0.0.1';","                    }","                });","        }","        // run the cli","        if (local.global.utility2_rollup || module !== require.main) {","            break;","        }","        local.assetsDict['/assets.example.js'] =","            local.assetsDict['/assets.example.js'] ||","            local.fs.readFileSync(__filename, 'utf8');","        // bug-workaround - long $npm_package_buildCustomOrg","        /* jslint-ignore-begin */","        local.assetsDict['/assets.npmtest_homebridge_synology.rollup.js'] =","            local.assetsDict['/assets.npmtest_homebridge_synology.rollup.js'] ||","            local.fs.readFileSync(","                local.npmtest_homebridge_synology.__dirname + '/lib.npmtest_homebridge_synology.js',","                'utf8'","            ).replace((/^#!/), '//');","        /* jslint-ignore-end */","        local.assetsDict['/favicon.ico'] = local.assetsDict['/favicon.ico'] || '';","        // if $npm_config_timeout_exit exists,","        // then exit this process after $npm_config_timeout_exit ms","        if (Number(process.env.npm_config_timeout_exit)) {","            setTimeout(process.exit, Number(process.env.npm_config_timeout_exit));","        }","        // start server","        if (local.global.utility2_serverHttp1) {","            break;","        }","        process.env.PORT = process.env.PORT || '8081';","        console.error('server starting on port ' + process.env.PORT);","        local.http.createServer(function (request, response) {","            request.urlParsed = local.url.parse(request.url);","            if (local.assetsDict[request.urlParsed.pathname] !== undefined) {","                response.end(local.assetsDict[request.urlParsed.pathname]);","                return;","            }","            response.statusCode = 404;","            response.end();","        }).listen(process.env.PORT);","        break;","    }","}());",""],"l":{"26":2,"28":2,"33":2,"35":2,"37":2,"38":2,"39":2,"44":1,"51":2,"55":2,"59":2,"61":2,"69":1,"70":2,"76":2,"79":2,"82":2,"83":2,"85":1,"89":2,"92":1,"93":1,"94":1,"96":1,"97":1,"100":1,"101":1,"103":1,"106":1,"108":2,"114":1,"116":1,"118":1,"123":1,"124":2,"125":2,"126":3,"127":3,"128":3,"129":3,"130":1,"133":3,"134":3,"139":3,"143":1,"144":3,"145":1,"149":1,"150":1,"158":1,"160":1,"161":1,"162":1,"164":1,"166":1,"258":1,"259":1,"271":1,"274":6,"275":6,"277":1,"279":2,"281":1,"283":2,"288":1,"289":1,"291":1,"296":1,"303":1,"306":1,"307":1,"310":1,"311":1,"313":1,"314":1,"315":1,"316":1,"317":1,"318":1,"319":1,"321":1,"322":1,"324":1}},"/home/travis/build/npmtest/node-npmtest-homebridge-synology/node_modules/homebridge-synology/index.js":{"path":"/home/travis/build/npmtest/node-npmtest-homebridge-synology/node_modules/homebridge-synology/index.js","s":{"1":1,"2":1,"3":1,"4":1,"5":0,"6":0,"7":0,"8":0,"9":0,"10":0,"11":1,"12":0,"13":0,"14":0,"15":0,"16":0,"17":1,"18":0,"19":0,"20":0,"21":0,"22":1,"23":0,"24":0,"25":0,"26":1,"27":0,"28":0,"29":0,"30":1,"31":0,"32":0,"33":0,"34":1,"35":0,"36":0,"37":0,"38":0,"39":0,"40":0,"41":0,"42":1,"43":0,"44":0,"45":0,"46":0,"47":0,"48":0,"49":0,"50":0,"51":0,"52":0,"53":0,"54":0,"55":0,"56":0,"57":1,"58":0,"59":0,"60":0,"61":0,"62":0,"63":0,"64":0,"65":1,"66":0,"67":0,"68":0,"69":0,"70":0,"71":0,"72":0,"73":1,"74":0,"75":0,"76":0,"77":0,"78":0,"79":0,"80":0,"81":1,"82":0,"83":0,"84":0,"85":0,"86":0,"87":0,"88":0,"89":0,"90":0,"91":0,"92":0,"93":0,"94":0,"95":0,"96":0,"97":0,"98":0,"99":0,"100":0},"b":{"1":[0,0],"2":[0,0],"3":[0,0],"4":[0,0],"5":[0,0],"6":[0,0],"7":[0,0],"8":[0,0],"9":[0,0],"10":[0,0],"11":[0,0],"12":[0,0],"13":[0,0],"14":[0,0],"15":[0,0]},"f":{"1":0,"2":0,"3":0,"4":0,"5":0,"6":0,"7":0,"8":0,"9":0,"10":0,"11":0,"12":0,"13":0,"14":0,"15":0,"16":0,"17":0,"18":0},"fnMap":{"1":{"name":"(anonymous_1)","line":6,"loc":{"start":{"line":6,"column":17},"end":{"line":6,"column":39}}},"2":{"name":"fixInheritance","line":18,"loc":{"start":{"line":18,"column":0},"end":{"line":18,"column":46}}},"3":{"name":"SynologyAccessory","line":28,"loc":{"start":{"line":28,"column":0},"end":{"line":28,"column":40}}},"4":{"name":"(anonymous_4)","line":46,"loc":{"start":{"line":46,"column":28},"end":{"line":46,"column":40}}},"5":{"name":"(anonymous_5)","line":57,"loc":{"start":{"line":57,"column":30},"end":{"line":57,"column":42}}},"6":{"name":"(anonymous_6)","line":68,"loc":{"start":{"line":68,"column":33},"end":{"line":68,"column":65}}},"7":{"name":"(anonymous_7)","line":75,"loc":{"start":{"line":75,"column":44},"end":{"line":75,"column":64}}},"8":{"name":"(anonymous_8)","line":78,"loc":{"start":{"line":78,"column":32},"end":{"line":78,"column":54}}},"9":{"name":"(anonymous_9)","line":90,"loc":{"start":{"line":90,"column":44},"end":{"line":90,"column":76}}},"10":{"name":"(anonymous_10)","line":94,"loc":{"start":{"line":94,"column":29},"end":{"line":94,"column":44}}},"11":{"name":"(anonymous_11)","line":106,"loc":{"start":{"line":106,"column":31},"end":{"line":106,"column":46}}},"12":{"name":"(anonymous_12)","line":119,"loc":{"start":{"line":119,"column":41},"end":{"line":119,"column":61}}},"13":{"name":"(anonymous_13)","line":122,"loc":{"start":{"line":122,"column":29},"end":{"line":122,"column":50}}},"14":{"name":"(anonymous_14)","line":134,"loc":{"start":{"line":134,"column":43},"end":{"line":134,"column":63}}},"15":{"name":"(anonymous_15)","line":137,"loc":{"start":{"line":137,"column":31},"end":{"line":137,"column":52}}},"16":{"name":"(anonymous_16)","line":149,"loc":{"start":{"line":149,"column":44},"end":{"line":149,"column":64}}},"17":{"name":"(anonymous_17)","line":151,"loc":{"start":{"line":151,"column":32},"end":{"line":151,"column":53}}},"18":{"name":"(anonymous_18)","line":163,"loc":{"start":{"line":163,"column":42},"end":{"line":163,"column":54}}}},"statementMap":{"1":{"start":{"line":1,"column":0},"end":{"line":1,"column":28}},"2":{"start":{"line":2,"column":0},"end":{"line":2,"column":41}},"3":{"start":{"line":3,"column":0},"end":{"line":3,"column":40}},"4":{"start":{"line":6,"column":0},"end":{"line":15,"column":2}},"5":{"start":{"line":7,"column":4},"end":{"line":7,"column":37}},"6":{"start":{"line":8,"column":4},"end":{"line":8,"column":51}},"7":{"start":{"line":10,"column":4},"end":{"line":10,"column":62}},"8":{"start":{"line":11,"column":4},"end":{"line":11,"column":64}},"9":{"start":{"line":12,"column":4},"end":{"line":12,"column":60}},"10":{"start":{"line":14,"column":4},"end":{"line":14,"column":87}},"11":{"start":{"line":18,"column":0},"end":{"line":25,"column":1}},"12":{"start":{"line":19,"column":4},"end":{"line":19,"column":35}},"13":{"start":{"line":20,"column":4},"end":{"line":20,"column":35}},"14":{"start":{"line":21,"column":4},"end":{"line":21,"column":53}},"15":{"start":{"line":22,"column":4},"end":{"line":24,"column":5}},"16":{"start":{"line":23,"column":8},"end":{"line":23,"column":43}},"17":{"start":{"line":28,"column":0},"end":{"line":43,"column":1}},"18":{"start":{"line":29,"column":4},"end":{"line":29,"column":19}},"19":{"start":{"line":30,"column":4},"end":{"line":30,"column":25}},"20":{"start":{"line":31,"column":4},"end":{"line":31,"column":31}},"21":{"start":{"line":33,"column":4},"end":{"line":42,"column":7}},"22":{"start":{"line":46,"column":0},"end":{"line":54,"column":2}},"23":{"start":{"line":47,"column":4},"end":{"line":47,"column":82}},"24":{"start":{"line":48,"column":4},"end":{"line":52,"column":7}},"25":{"start":{"line":53,"column":4},"end":{"line":53,"column":40}},"26":{"start":{"line":57,"column":0},"end":{"line":65,"column":2}},"27":{"start":{"line":58,"column":4},"end":{"line":58,"column":84}},"28":{"start":{"line":59,"column":4},"end":{"line":63,"column":7}},"29":{"start":{"line":64,"column":4},"end":{"line":64,"column":40}},"30":{"start":{"line":68,"column":0},"end":{"line":72,"column":2}},"31":{"start":{"line":69,"column":4},"end":{"line":69,"column":85}},"32":{"start":{"line":70,"column":4},"end":{"line":70,"column":62}},"33":{"start":{"line":71,"column":4},"end":{"line":71,"column":68}},"34":{"start":{"line":75,"column":0},"end":{"line":87,"column":2}},"35":{"start":{"line":76,"column":4},"end":{"line":76,"column":20}},"36":{"start":{"line":78,"column":4},"end":{"line":86,"column":7}},"37":{"start":{"line":79,"column":8},"end":{"line":85,"column":9}},"38":{"start":{"line":80,"column":12},"end":{"line":80,"column":57}},"39":{"start":{"line":81,"column":12},"end":{"line":81,"column":34}},"40":{"start":{"line":83,"column":12},"end":{"line":83,"column":26}},"41":{"start":{"line":84,"column":12},"end":{"line":84,"column":26}},"42":{"start":{"line":90,"column":0},"end":{"line":116,"column":2}},"43":{"start":{"line":91,"column":4},"end":{"line":91,"column":20}},"44":{"start":{"line":93,"column":4},"end":{"line":115,"column":5}},"45":{"start":{"line":94,"column":8},"end":{"line":102,"column":11}},"46":{"start":{"line":95,"column":12},"end":{"line":101,"column":13}},"47":{"start":{"line":96,"column":16},"end":{"line":96,"column":50}},"48":{"start":{"line":97,"column":16},"end":{"line":97,"column":31}},"49":{"start":{"line":99,"column":16},"end":{"line":99,"column":57}},"50":{"start":{"line":100,"column":16},"end":{"line":100,"column":30}},"51":{"start":{"line":106,"column":8},"end":{"line":114,"column":11}},"52":{"start":{"line":107,"column":12},"end":{"line":113,"column":13}},"53":{"start":{"line":108,"column":16},"end":{"line":108,"column":53}},"54":{"start":{"line":109,"column":16},"end":{"line":109,"column":31}},"55":{"start":{"line":111,"column":16},"end":{"line":111,"column":64}},"56":{"start":{"line":112,"column":16},"end":{"line":112,"column":30}},"57":{"start":{"line":119,"column":0},"end":{"line":131,"column":2}},"58":{"start":{"line":120,"column":4},"end":{"line":120,"column":20}},"59":{"start":{"line":122,"column":4},"end":{"line":130,"column":7}},"60":{"start":{"line":123,"column":8},"end":{"line":129,"column":9}},"61":{"start":{"line":124,"column":12},"end":{"line":124,"column":53}},"62":{"start":{"line":125,"column":12},"end":{"line":125,"column":33}},"63":{"start":{"line":127,"column":12},"end":{"line":127,"column":26}},"64":{"start":{"line":128,"column":12},"end":{"line":128,"column":30}},"65":{"start":{"line":134,"column":0},"end":{"line":146,"column":2}},"66":{"start":{"line":135,"column":4},"end":{"line":135,"column":20}},"67":{"start":{"line":137,"column":4},"end":{"line":145,"column":7}},"68":{"start":{"line":138,"column":8},"end":{"line":144,"column":9}},"69":{"start":{"line":139,"column":12},"end":{"line":139,"column":57}},"70":{"start":{"line":140,"column":12},"end":{"line":140,"column":33}},"71":{"start":{"line":142,"column":12},"end":{"line":142,"column":26}},"72":{"start":{"line":143,"column":12},"end":{"line":143,"column":30}},"73":{"start":{"line":149,"column":0},"end":{"line":160,"column":2}},"74":{"start":{"line":150,"column":4},"end":{"line":150,"column":20}},"75":{"start":{"line":151,"column":4},"end":{"line":159,"column":7}},"76":{"start":{"line":152,"column":8},"end":{"line":158,"column":9}},"77":{"start":{"line":153,"column":12},"end":{"line":153,"column":57}},"78":{"start":{"line":154,"column":12},"end":{"line":154,"column":33}},"79":{"start":{"line":156,"column":12},"end":{"line":156,"column":26}},"80":{"start":{"line":157,"column":12},"end":{"line":157,"column":30}},"81":{"start":{"line":163,"column":0},"end":{"line":196,"column":2}},"82":{"start":{"line":164,"column":4},"end":{"line":164,"column":64}},"83":{"start":{"line":166,"column":4},"end":{"line":168,"column":68}},"84":{"start":{"line":170,"column":4},"end":{"line":170,"column":54}},"85":{"start":{"line":171,"column":4},"end":{"line":173,"column":50}},"86":{"start":{"line":175,"column":4},"end":{"line":175,"column":75}},"87":{"start":{"line":176,"column":4},"end":{"line":177,"column":49}},"88":{"start":{"line":178,"column":4},"end":{"line":179,"column":47}},"89":{"start":{"line":181,"column":4},"end":{"line":181,"column":74}},"90":{"start":{"line":182,"column":4},"end":{"line":183,"column":50}},"91":{"start":{"line":185,"column":4},"end":{"line":185,"column":40}},"92":{"start":{"line":187,"column":4},"end":{"line":193,"column":5}},"93":{"start":{"line":188,"column":8},"end":{"line":188,"column":92}},"94":{"start":{"line":188,"column":61},"end":{"line":188,"column":90}},"95":{"start":{"line":189,"column":8},"end":{"line":189,"column":90}},"96":{"start":{"line":189,"column":60},"end":{"line":189,"column":88}},"97":{"start":{"line":190,"column":8},"end":{"line":190,"column":88}},"98":{"start":{"line":190,"column":59},"end":{"line":190,"column":86}},"99":{"start":{"line":192,"column":8},"end":{"line":192,"column":86}},"100":{"start":{"line":195,"column":4},"end":{"line":195,"column":20}}},"branchMap":{"1":{"line":36,"type":"binary-expr","locations":[{"start":{"line":36,"column":14},"end":{"line":36,"column":30}},{"start":{"line":36,"column":34},"end":{"line":36,"column":38}}]},"2":{"line":37,"type":"binary-expr","locations":[{"start":{"line":37,"column":12},"end":{"line":37,"column":26}},{"start":{"line":37,"column":30},"end":{"line":37,"column":34}}]},"3":{"line":39,"type":"binary-expr","locations":[{"start":{"line":39,"column":12},"end":{"line":39,"column":26}},{"start":{"line":39,"column":30},"end":{"line":39,"column":47}}]},"4":{"line":41,"type":"binary-expr","locations":[{"start":{"line":41,"column":15},"end":{"line":41,"column":32}},{"start":{"line":41,"column":36},"end":{"line":41,"column":40}}]},"5":{"line":79,"type":"if","locations":[{"start":{"line":79,"column":8},"end":{"line":79,"column":8}},{"start":{"line":79,"column":8},"end":{"line":79,"column":8}}]},"6":{"line":93,"type":"if","locations":[{"start":{"line":93,"column":4},"end":{"line":93,"column":4}},{"start":{"line":93,"column":4},"end":{"line":93,"column":4}}]},"7":{"line":95,"type":"if","locations":[{"start":{"line":95,"column":12},"end":{"line":95,"column":12}},{"start":{"line":95,"column":12},"end":{"line":95,"column":12}}]},"8":{"line":107,"type":"if","locations":[{"start":{"line":107,"column":12},"end":{"line":107,"column":12}},{"start":{"line":107,"column":12},"end":{"line":107,"column":12}}]},"9":{"line":123,"type":"if","locations":[{"start":{"line":123,"column":8},"end":{"line":123,"column":8}},{"start":{"line":123,"column":8},"end":{"line":123,"column":8}}]},"10":{"line":138,"type":"if","locations":[{"start":{"line":138,"column":8},"end":{"line":138,"column":8}},{"start":{"line":138,"column":8},"end":{"line":138,"column":8}}]},"11":{"line":152,"type":"if","locations":[{"start":{"line":152,"column":8},"end":{"line":152,"column":8}},{"start":{"line":152,"column":8},"end":{"line":152,"column":8}}]},"12":{"line":187,"type":"if","locations":[{"start":{"line":187,"column":4},"end":{"line":187,"column":4}},{"start":{"line":187,"column":4},"end":{"line":187,"column":4}}]},"13":{"line":188,"type":"if","locations":[{"start":{"line":188,"column":8},"end":{"line":188,"column":8}},{"start":{"line":188,"column":8},"end":{"line":188,"column":8}}]},"14":{"line":189,"type":"if","locations":[{"start":{"line":189,"column":8},"end":{"line":189,"column":8}},{"start":{"line":189,"column":8},"end":{"line":189,"column":8}}]},"15":{"line":190,"type":"if","locations":[{"start":{"line":190,"column":8},"end":{"line":190,"column":8}},{"start":{"line":190,"column":8},"end":{"line":190,"column":8}}]}},"code":["var Service, Characteristic;","var Synology = require('./lib/synology');","var inherits = require('util').inherits;","","","module.exports = function (homebridge) {","    Service = homebridge.hap.Service;","    Characteristic = homebridge.hap.Characteristic;","","    fixInheritance(SynologyAccessory.CpuLoad, Characteristic);","    fixInheritance(SynologyAccessory.DiskUsage, Characteristic);","    fixInheritance(SynologyAccessory.StatsService, Service);","","    homebridge.registerAccessory('homebridge-synology', 'Synology', SynologyAccessory);","};","","","function fixInheritance(subclass, superclass) {","    var proto = subclass.prototype;","    inherits(subclass, superclass);","    subclass.prototype.parent = superclass.prototype;","    for (var mn in proto) {","        subclass.prototype[mn] = proto[mn];","    }","}","","","function SynologyAccessory(log, config) {","    this.log = log;","    this.config = config;","    this.name = config['name'];","","    this.synology = new Synology({","      ip: config['ip'],","      mac: config['mac'],","      secure: config['secure'] || null,","      port: config['port'] || null,","      version: config['version'],","      user: config['user'] || config['account'],","      passwd: config['password'],","      timeout: config['timeout'] || null","    });","}","","","SynologyAccessory.CpuLoad = function () {","    Characteristic.call(this, 'CPU Load', '12d21a89-9466-4548-8edd-b05e6b93c23e');","    this.setProps({","        format: Characteristic.Formats.UINT8,","        unit: Characteristic.Units.PERCENTAGE,","        perms: [Characteristic.Perms.READ, Characteristic.Perms.NOTIFY]","    });","    this.value = this.getDefaultValue();","};","","","SynologyAccessory.DiskUsage = function () {","    Characteristic.call(this, 'Disk Usage', 'de3c3d3d-6f86-446c-9dac-535858736ddd');","    this.setProps({","        format: Characteristic.Formats.UINT8,","        unit: Characteristic.Units.PERCENTAGE,","        perms: [Characteristic.Perms.READ, Characteristic.Perms.NOTIFY]","    });","    this.value = this.getDefaultValue();","};","","","SynologyAccessory.StatsService = function (displayName, subtype) {","    Service.call(this, displayName, '9d0ea4eb-31db-47e9-83ef-302193e669d8', subtype);","    this.addCharacteristic(new SynologyAccessory.DiskUsage());","    this.addOptionalCharacteristic(new SynologyAccessory.CpuLoad());","};","","","SynologyAccessory.prototype.getPowerState = function (callback) {","    var that = this;","","    that.synology.getPowerState(function (err, state) {","        if (!err) {","            that.log('current power state is: ' + state);","            callback(null, state);","        } else {","            that.log(err);","            callback(err);","        }","    });","};","","","SynologyAccessory.prototype.setPowerState = function (powerState, callback) {","    var that = this;","","    if (powerState) { //turn on","        that.synology.wakeUp(function (err) {","            if (!err) {","                that.log('Diskstation woked up!');","                callback(null);","            } else {","                that.log('Something went wrong: ' + err);","                callback(err);","            }","        });","    }","","    else { //turn off","        that.synology.shutdown(function (err) {","            if (!err) {","                that.log(\"Shutting down Diskstation\")","                callback(null);","            } else {","                that.log(\"Error shutting down your Diskstation\")","                callback(err);","            }","        });","    }","};","","","SynologyAccessory.prototype.getCpuLoad = function (callback) {","    var that = this;","","    that.synology.getCpuLoad(function (err, data) {","        if (!err) {","            that.log('current cpu load: %s %', data);","            callback(null, data);","        } else {","            that.log(err);","            callback(null, 0); //testing","        }","    });","};","","","SynologyAccessory.prototype.getDiskUsage = function (callback) {","    var that = this;","","    that.synology.getDiskUsage(function (err, data) {","        if (!err) {","            that.log('current volume usage: %s %', data);","            callback(null, data);","        } else {","            that.log(err);","            callback(null, 0); //testing","        }","    });","};","","","SynologyAccessory.prototype.getSystemTemp = function (callback) {","    var that = this;","    that.synology.getSystemTemp(function (err, data) {","        if (!err) {","            that.log('current system temp: %s °C', data);","            callback(null, data);","        } else {","            that.log(err);","            callback(null, 0); //testing","        }","    });","};","","","SynologyAccessory.prototype.getServices = function () {","    var informationService = new Service.AccessoryInformation();","","    informationService","        .setCharacteristic(Characteristic.Name, this.name)","        .setCharacteristic(Characteristic.Manufacturer, 'Synology');","","    var switchService = new Service.Switch(this.name);","    switchService.getCharacteristic(Characteristic.On)","        .on('get', this.getPowerState.bind(this))","        .on('set', this.setPowerState.bind(this));","","    var statsService = new SynologyAccessory.StatsService('Stats Service');","    statsService.getCharacteristic(SynologyAccessory.DiskUsage)","        .on('get', this.getDiskUsage.bind(this));","    statsService.getCharacteristic(SynologyAccessory.CpuLoad)","        .on('get', this.getCpuLoad.bind(this));","","    var tempService = new Service.TemperatureSensor('System Temperature');","    tempService.getCharacteristic(Characteristic.CurrentTemperature)","        .on('get', this.getSystemTemp.bind(this));","","    var services = [informationService];","","    if ('disabled' in this.config) {","        if (this.config.disabled.indexOf(\"switch\") === -1) { services.push(switchService); }","        if (this.config.disabled.indexOf(\"stats\") === -1) { services.push(statsService); }","        if (this.config.disabled.indexOf(\"temp\") === -1) { services.push(tempService); }","    } else {","        var services = [informationService, switchService, tempService, statsService];","    }","","    return services;","};",""],"l":{"1":1,"2":1,"3":1,"6":1,"7":0,"8":0,"10":0,"11":0,"12":0,"14":0,"18":1,"19":0,"20":0,"21":0,"22":0,"23":0,"28":1,"29":0,"30":0,"31":0,"33":0,"46":1,"47":0,"48":0,"53":0,"57":1,"58":0,"59":0,"64":0,"68":1,"69":0,"70":0,"71":0,"75":1,"76":0,"78":0,"79":0,"80":0,"81":0,"83":0,"84":0,"90":1,"91":0,"93":0,"94":0,"95":0,"96":0,"97":0,"99":0,"100":0,"106":0,"107":0,"108":0,"109":0,"111":0,"112":0,"119":1,"120":0,"122":0,"123":0,"124":0,"125":0,"127":0,"128":0,"134":1,"135":0,"137":0,"138":0,"139":0,"140":0,"142":0,"143":0,"149":1,"150":0,"151":0,"152":0,"153":0,"154":0,"156":0,"157":0,"163":1,"164":0,"166":0,"170":0,"171":0,"175":0,"176":0,"178":0,"181":0,"182":0,"185":0,"187":0,"188":0,"189":0,"190":0,"192":0,"195":0}},"/home/travis/build/npmtest/node-npmtest-homebridge-synology/node_modules/homebridge-synology/lib/synology.js":{"path":"/home/travis/build/npmtest/node-npmtest-homebridge-synology/node_modules/homebridge-synology/lib/synology.js","s":{"1":1,"2":1,"3":1,"4":0,"5":0,"6":0,"7":0,"8":0,"9":0,"10":0,"11":0,"12":0,"13":0,"14":1,"15":0,"16":1,"17":0,"18":0,"19":0,"20":0,"21":0,"22":0,"23":0,"24":0,"25":0,"26":0,"27":0,"28":0,"29":1,"30":0,"31":0,"32":0,"33":0,"34":0,"35":0,"36":1,"37":0,"38":0,"39":0,"40":0,"41":0,"42":1,"43":0,"44":0,"45":0,"46":0,"47":0,"48":0,"49":0,"50":1,"51":0,"52":0,"53":0,"54":0,"55":0,"56":0,"57":0,"58":0,"59":0,"60":0,"61":0,"62":0,"63":0,"64":0,"65":0,"66":0,"67":1,"68":0,"69":0,"70":0,"71":0,"72":0,"73":0,"74":0,"75":0,"76":0,"77":0,"78":0,"79":0,"80":0,"81":0,"82":0,"83":1,"84":0,"85":0,"86":0,"87":0,"88":0,"89":0,"90":0,"91":0,"92":0,"93":0,"94":0,"95":0,"96":0,"97":0,"98":0,"99":1,"100":0,"101":0,"102":0,"103":0,"104":0,"105":0,"106":0,"107":0,"108":0,"109":0,"110":0,"111":0,"112":0,"113":0,"114":0,"115":0,"116":0,"117":0,"118":0,"119":0,"120":0,"121":0,"122":1},"b":{"1":[0,0],"2":[0,0],"3":[0,0],"4":[0,0],"5":[0,0],"6":[0,0],"7":[0,0],"8":[0,0],"9":[0,0],"10":[0,0],"11":[0,0],"12":[0,0],"13":[0,0],"14":[0,0],"15":[0,0],"16":[0,0],"17":[0,0,0],"18":[0,0],"19":[0,0],"20":[0,0],"21":[0,0],"22":[0,0],"23":[0,0],"24":[0,0],"25":[0,0],"26":[0,0],"27":[0,0],"28":[0,0],"29":[0,0],"30":[0,0],"31":[0,0],"32":[0,0],"33":[0,0],"34":[0,0],"35":[0,0],"36":[0,0],"37":[0,0],"38":[0,0],"39":[0,0],"40":[0,0],"41":[0,0],"42":[0,0],"43":[0,0],"44":[0,0],"45":[0,0],"46":[0,0],"47":[0,0]},"f":{"1":0,"2":0,"3":0,"4":0,"5":0,"6":0,"7":0,"8":0,"9":0,"10":0,"11":0,"12":0,"13":0,"14":0,"15":0,"16":0,"17":0,"18":0,"19":0,"20":0,"21":0,"22":0,"23":0,"24":0,"25":0,"26":0,"27":0,"28":0,"29":0,"30":0},"fnMap":{"1":{"name":"(anonymous_1)","line":9,"loc":{"start":{"line":9,"column":15},"end":{"line":9,"column":32}}},"2":{"name":"(anonymous_2)","line":33,"loc":{"start":{"line":33,"column":32},"end":{"line":33,"column":43}}},"3":{"name":"(anonymous_3)","line":42,"loc":{"start":{"line":42,"column":28},"end":{"line":42,"column":39}}},"4":{"name":"(anonymous_4)","line":45,"loc":{"start":{"line":45,"column":23},"end":{"line":45,"column":49}}},"5":{"name":"(anonymous_5)","line":63,"loc":{"start":{"line":63,"column":33},"end":{"line":63,"column":58}}},"6":{"name":"(anonymous_6)","line":82,"loc":{"start":{"line":82,"column":35},"end":{"line":82,"column":54}}},"7":{"name":"(anonymous_7)","line":91,"loc":{"start":{"line":91,"column":21},"end":{"line":91,"column":40}}},"8":{"name":"(anonymous_8)","line":106,"loc":{"start":{"line":106,"column":28},"end":{"line":106,"column":47}}},"9":{"name":"(anonymous_9)","line":109,"loc":{"start":{"line":109,"column":23},"end":{"line":109,"column":37}}},"10":{"name":"(anonymous_10)","line":123,"loc":{"start":{"line":123,"column":30},"end":{"line":123,"column":49}}},"11":{"name":"(anonymous_11)","line":126,"loc":{"start":{"line":126,"column":23},"end":{"line":126,"column":34}}},"12":{"name":"(anonymous_12)","line":140,"loc":{"start":{"line":140,"column":25},"end":{"line":140,"column":50}}},"13":{"name":"(anonymous_13)","line":143,"loc":{"start":{"line":143,"column":13},"end":{"line":143,"column":27}}},"14":{"name":"(anonymous_14)","line":155,"loc":{"start":{"line":155,"column":33},"end":{"line":155,"column":52}}},"15":{"name":"(anonymous_15)","line":158,"loc":{"start":{"line":158,"column":23},"end":{"line":158,"column":37}}},"16":{"name":"(anonymous_16)","line":172,"loc":{"start":{"line":172,"column":25},"end":{"line":172,"column":50}}},"17":{"name":"(anonymous_17)","line":189,"loc":{"start":{"line":189,"column":13},"end":{"line":189,"column":27}}},"18":{"name":"(anonymous_18)","line":200,"loc":{"start":{"line":200,"column":35},"end":{"line":200,"column":54}}},"19":{"name":"(anonymous_19)","line":203,"loc":{"start":{"line":203,"column":23},"end":{"line":203,"column":34}}},"20":{"name":"(anonymous_20)","line":215,"loc":{"start":{"line":215,"column":25},"end":{"line":215,"column":50}}},"21":{"name":"(anonymous_21)","line":221,"loc":{"start":{"line":221,"column":37},"end":{"line":221,"column":59}}},"22":{"name":"(anonymous_22)","line":233,"loc":{"start":{"line":233,"column":13},"end":{"line":233,"column":27}}},"23":{"name":"(anonymous_23)","line":243,"loc":{"start":{"line":243,"column":32},"end":{"line":243,"column":51}}},"24":{"name":"(anonymous_24)","line":246,"loc":{"start":{"line":246,"column":23},"end":{"line":246,"column":34}}},"25":{"name":"(anonymous_25)","line":262,"loc":{"start":{"line":262,"column":25},"end":{"line":262,"column":50}}},"26":{"name":"(anonymous_26)","line":281,"loc":{"start":{"line":281,"column":13},"end":{"line":281,"column":27}}},"27":{"name":"(anonymous_27)","line":292,"loc":{"start":{"line":292,"column":34},"end":{"line":292,"column":53}}},"28":{"name":"(anonymous_28)","line":295,"loc":{"start":{"line":295,"column":23},"end":{"line":295,"column":34}}},"29":{"name":"(anonymous_29)","line":309,"loc":{"start":{"line":309,"column":25},"end":{"line":309,"column":50}}},"30":{"name":"(anonymous_30)","line":340,"loc":{"start":{"line":340,"column":13},"end":{"line":340,"column":27}}}},"statementMap":{"1":{"start":{"line":6,"column":0},"end":{"line":6,"column":33}},"2":{"start":{"line":7,"column":0},"end":{"line":7,"column":33}},"3":{"start":{"line":9,"column":0},"end":{"line":26,"column":2}},"4":{"start":{"line":10,"column":4},"end":{"line":10,"column":24}},"5":{"start":{"line":11,"column":4},"end":{"line":11,"column":26}},"6":{"start":{"line":12,"column":4},"end":{"line":12,"column":41}},"7":{"start":{"line":13,"column":4},"end":{"line":13,"column":59}},"8":{"start":{"line":14,"column":4},"end":{"line":14,"column":52}},"9":{"start":{"line":15,"column":4},"end":{"line":15,"column":50}},"10":{"start":{"line":17,"column":4},"end":{"line":17,"column":28}},"11":{"start":{"line":18,"column":4},"end":{"line":18,"column":32}},"12":{"start":{"line":19,"column":4},"end":{"line":23,"column":6}},"13":{"start":{"line":25,"column":4},"end":{"line":25,"column":85}},"14":{"start":{"line":33,"column":0},"end":{"line":35,"column":2}},"15":{"start":{"line":34,"column":4},"end":{"line":34,"column":105}},"16":{"start":{"line":42,"column":0},"end":{"line":75,"column":2}},"17":{"start":{"line":43,"column":4},"end":{"line":43,"column":20}},"18":{"start":{"line":45,"column":4},"end":{"line":74,"column":7}},"19":{"start":{"line":46,"column":8},"end":{"line":73,"column":9}},"20":{"start":{"line":47,"column":12},"end":{"line":47,"column":38}},"21":{"start":{"line":49,"column":12},"end":{"line":61,"column":14}},"22":{"start":{"line":63,"column":12},"end":{"line":72,"column":15}},"23":{"start":{"line":64,"column":16},"end":{"line":71,"column":17}},"24":{"start":{"line":65,"column":20},"end":{"line":65,"column":48}},"25":{"start":{"line":66,"column":20},"end":{"line":66,"column":50}},"26":{"start":{"line":67,"column":20},"end":{"line":67,"column":58}},"27":{"start":{"line":68,"column":20},"end":{"line":68,"column":49}},"28":{"start":{"line":70,"column":20},"end":{"line":70,"column":56}},"29":{"start":{"line":82,"column":0},"end":{"line":98,"column":2}},"30":{"start":{"line":83,"column":4},"end":{"line":83,"column":16}},"31":{"start":{"line":85,"column":4},"end":{"line":89,"column":5}},"32":{"start":{"line":91,"column":4},"end":{"line":97,"column":7}},"33":{"start":{"line":92,"column":8},"end":{"line":96,"column":9}},"34":{"start":{"line":93,"column":12},"end":{"line":93,"column":33}},"35":{"start":{"line":95,"column":12},"end":{"line":95,"column":34}},"36":{"start":{"line":106,"column":0},"end":{"line":116,"column":2}},"37":{"start":{"line":107,"column":4},"end":{"line":107,"column":20}},"38":{"start":{"line":109,"column":4},"end":{"line":115,"column":7}},"39":{"start":{"line":110,"column":8},"end":{"line":114,"column":9}},"40":{"start":{"line":111,"column":12},"end":{"line":111,"column":26}},"41":{"start":{"line":113,"column":12},"end":{"line":113,"column":26}},"42":{"start":{"line":123,"column":0},"end":{"line":147,"column":2}},"43":{"start":{"line":124,"column":4},"end":{"line":124,"column":20}},"44":{"start":{"line":126,"column":4},"end":{"line":145,"column":7}},"45":{"start":{"line":127,"column":8},"end":{"line":127,"column":90}},"46":{"start":{"line":129,"column":8},"end":{"line":138,"column":10}},"47":{"start":{"line":140,"column":8},"end":{"line":142,"column":11}},"48":{"start":{"line":141,"column":12},"end":{"line":141,"column":104}},"49":{"start":{"line":144,"column":8},"end":{"line":144,"column":22}},"50":{"start":{"line":155,"column":0},"end":{"line":192,"column":1}},"51":{"start":{"line":156,"column":4},"end":{"line":156,"column":20}},"52":{"start":{"line":158,"column":4},"end":{"line":191,"column":7}},"53":{"start":{"line":159,"column":8},"end":{"line":159,"column":88}},"54":{"start":{"line":160,"column":8},"end":{"line":170,"column":10}},"55":{"start":{"line":172,"column":8},"end":{"line":188,"column":11}},"56":{"start":{"line":173,"column":12},"end":{"line":187,"column":13}},"57":{"start":{"line":174,"column":16},"end":{"line":174,"column":44}},"58":{"start":{"line":175,"column":16},"end":{"line":184,"column":17}},"59":{"start":{"line":176,"column":20},"end":{"line":176,"column":33}},"60":{"start":{"line":177,"column":20},"end":{"line":179,"column":21}},"61":{"start":{"line":178,"column":24},"end":{"line":178,"column":59}},"62":{"start":{"line":180,"column":20},"end":{"line":180,"column":72}},"63":{"start":{"line":181,"column":20},"end":{"line":181,"column":41}},"64":{"start":{"line":183,"column":20},"end":{"line":183,"column":34}},"65":{"start":{"line":186,"column":16},"end":{"line":186,"column":30}},"66":{"start":{"line":190,"column":8},"end":{"line":190,"column":22}},"67":{"start":{"line":200,"column":0},"end":{"line":236,"column":2}},"68":{"start":{"line":201,"column":4},"end":{"line":201,"column":20}},"69":{"start":{"line":203,"column":4},"end":{"line":
[...]
column":47},"end":{"line":14,"column":51}}]},"5":{"line":15,"type":"binary-expr","locations":[{"start":{"line":15,"column":19},"end":{"line":15,"column":43}},{"start":{"line":15,"column":48},"end":{"line":15,"column":49}}]},"6":{"line":25,"type":"cond-expr","locations":[{"start":{"line":25,"column":39},"end":{"line":25,"column":42}},{"start":{"line":25,"column":45},"end":{"line":25,"column":47}}]},"7":{"line":34,"type":"cond-expr","locations":[{"start":{"line":34,"column":92},"end":{"line":34,"column":96}},{"start":{"line":34,"column":99},"end":{"line":34,"column":104}}]},"8":{"line":34,"type":"binary-expr","locations":[{"start":{"line":34,"column":12},"end":{"line":34,"column":25}},{"start":{"line":34,"column":29},"end":{"line":34,"column":88}}]},"9":{"line":46,"type":"if","locations":[{"start":{"line":46,"column":8},"end":{"line":46,"column":8}},{"start":{"line":46,"column":8},"end":{"line":46,"column":8}}]},"10":{"line":64,"type":"if","locations":[{"start":{"line":64,"column":16},"end":{"line":64,"column":16}},{"start":{"line":64,"column":16},"end":{"line":64,"column":16}}]},"11":{"line":92,"type":"if","locations":[{"start":{"line":92,"column":8},"end":{"line":92,"column":8}},{"start":{"line":92,"column":8},"end":{"line":92,"column":8}}]},"12":{"line":92,"type":"binary-expr","locations":[{"start":{"line":92,"column":12},"end":{"line":92,"column":16}},{"start":{"line":92,"column":20},"end":{"line":92,"column":41}}]},"13":{"line":110,"type":"if","locations":[{"start":{"line":110,"column":8},"end":{"line":110,"column":8}},{"start":{"line":110,"column":8},"end":{"line":110,"column":8}}]},"14":{"line":127,"type":"cond-expr","locations":[{"start":{"line":127,"column":43},"end":{"line":127,"column":62}},{"start":{"line":127,"column":65},"end":{"line":127,"column":89}}]},"15":{"line":132,"type":"cond-expr","locations":[{"start":{"line":132,"column":43},"end":{"line":132,"column":61}},{"start":{"line":132,"column":64},"end":{"line":132,"column":81}}]},"16":{"line":141,"type":"cond-expr","locations":[{"start":{"line":141,"column":74},"end":{"line":141,"column":88}},{"start":{"line":141,"column":90},"end":{"line":141,"column":103}}]},"17":{"line":141,"type":"binary-expr","locations":[{"start":{"line":141,"column":13},"end":{"line":141,"column":17}},{"start":{"line":141,"column":21},"end":{"line":141,"column":42}},{"start":{"line":141,"column":46},"end":{"line":141,"column":70}}]},"18":{"line":159,"type":"cond-expr","locations":[{"start":{"line":159,"column":43},"end":{"line":159,"column":62}},{"start":{"line":159,"column":65},"end":{"line":159,"column":87}}]},"19":{"line":163,"type":"cond-expr","locations":[{"start":{"line":163,"column":43},"end":{"line":163,"column":61}},{"start":{"line":163,"column":64},"end":{"line":163,"column":66}}]},"20":{"line":165,"type":"cond-expr","locations":[{"start":{"line":165,"column":46},"end":{"line":165,"column":52}},{"start":{"line":165,"column":55},"end":{"line":165,"column":64}}]},"21":{"line":173,"type":"if","locations":[{"start":{"line":173,"column":12},"end":{"line":173,"column":12}},{"start":{"line":173,"column":12},"end":{"line":173,"column":12}}]},"22":{"line":173,"type":"binary-expr","locations":[{"start":{"line":173,"column":16},"end":{"line":173,"column":20}},{"start":{"line":173,"column":24},"end":{"line":173,"column":45}}]},"23":{"line":175,"type":"if","locations":[{"start":{"line":175,"column":16},"end":{"line":175,"column":16}},{"start":{"line":175,"column":16},"end":{"line":175,"column":16}}]},"24":{"line":204,"type":"cond-expr","locations":[{"start":{"line":204,"column":43},"end":{"line":204,"column":62}},{"start":{"line":204,"column":65},"end":{"line":204,"column":87}}]},"25":{"line":208,"type":"cond-expr","locations":[{"start":{"line":208,"column":43},"end":{"line":208,"column":61}},{"start":{"line":208,"column":64},"end":{"line":208,"column":79}}]},"26":{"line":210,"type":"cond-expr","locations":[{"start":{"line":210,"column":46},"end":{"line":210,"column":52}},{"start":{"line":210,"column":55},"end":{"line":210,"column":64}}]},"27":{"line":216,"type":"if","locations":[{"start":{"line":216,"column":12},"end":{"line":216,"column":12}},{"start":{"line":216,"column":12},"end":{"line":216,"column":12}}]},"28":{"line":216,"type":"binary-expr","locations":[{"start":{"line":216,"column":16},"end":{"line":216,"column":20}},{"start":{"line":216,"column":24},"end":{"line":216,"column":45}}]},"29":{"line":218,"type":"if","locations":[{"start":{"line":218,"column":16},"end":{"line":218,"column":16}},{"start":{"line":218,"column":16},"end":{"line":218,"column":16}}]},"30":{"line":218,"type":"binary-expr","locations":[{"start":{"line":218,"column":20},"end":{"line":218,"column":32}},{"start":{"line":218,"column":36},"end":{"line":218,"column":80}}]},"31":{"line":222,"type":"if","locations":[{"start":{"line":222,"column":24},"end":{"line":222,"column":24}},{"start":{"line":222,"column":24},"end":{"line":222,"column":24}}]},"32":{"line":248,"type":"cond-expr","locations":[{"start":{"line":248,"column":43},"end":{"line":248,"column":62}},{"start":{"line":248,"column":65},"end":{"line":248,"column":97}}]},"33":{"line":252,"type":"cond-expr","locations":[{"start":{"line":252,"column":43},"end":{"line":252,"column":73}},{"start":{"line":252,"column":76},"end":{"line":252,"column":100}}]},"34":{"line":254,"type":"cond-expr","locations":[{"start":{"line":254,"column":46},"end":{"line":254,"column":51}},{"start":{"line":254,"column":54},"end":{"line":254,"column":63}}]},"35":{"line":263,"type":"if","locations":[{"start":{"line":263,"column":12},"end":{"line":263,"column":12}},{"start":{"line":263,"column":12},"end":{"line":263,"column":12}}]},"36":{"line":263,"type":"binary-expr","locations":[{"start":{"line":263,"column":16},"end":{"line":263,"column":20}},{"start":{"line":263,"column":24},"end":{"line":263,"column":45}}]},"37":{"line":265,"type":"if","locations":[{"start":{"line":265,"column":16},"end":{"line":265,"column":16}},{"start":{"line":265,"column":16},"end":{"line":265,"column":16}}]},"38":{"line":266,"type":"if","locations":[{"start":{"line":266,"column":20},"end":{"line":266,"column":20}},{"start":{"line":266,"column":20},"end":{"line":266,"column":20}}]},"39":{"line":296,"type":"cond-expr","locations":[{"start":{"line":296,"column":43},"end":{"line":296,"column":62}},{"start":{"line":296,"column":65},"end":{"line":296,"column":89}}]},"40":{"line":300,"type":"cond-expr","locations":[{"start":{"line":300,"column":43},"end":{"line":300,"column":61}},{"start":{"line":300,"column":64},"end":{"line":300,"column":81}}]},"41":{"line":302,"type":"cond-expr","locations":[{"start":{"line":302,"column":46},"end":{"line":302,"column":52}},{"start":{"line":302,"column":55},"end":{"line":302,"column":61}}]},"42":{"line":310,"type":"if","locations":[{"start":{"line":310,"column":12},"end":{"line":310,"column":12}},{"start":{"line":310,"column":12},"end":{"line":310,"column":12}}]},"43":{"line":310,"type":"binary-expr","locations":[{"start":{"line":310,"column":16},"end":{"line":310,"column":20}},{"start":{"line":310,"column":24},"end":{"line":310,"column":45}}]},"44":{"line":314,"type":"if","locations":[{"start":{"line":314,"column":16},"end":{"line":314,"column":16}},{"start":{"line":314,"column":16},"end":{"line":314,"column":16}}]},"45":{"line":314,"type":"binary-expr","locations":[{"start":{"line":314,"column":20},"end":{"line":314,"column":32}},{"start":{"line":314,"column":36},"end":{"line":314,"column":52}}]},"46":{"line":324,"type":"if","locations":[{"start":{"line":324,"column":23},"end":{"line":324,"column":23}},{"start":{"line":324,"column":23},"end":{"line":324,"column":23}}]},"47":{"line":324,"type":"binary-expr","locations":[{"start":{"line":324,"column":27},"end":{"line":324,"column":39}},{"start":{"line":324,"column":43},"end":{"line":324,"column":60}}]}},"code":["/**"," * synology.js functions for homebridge"," * 12.03.2016 by stfnhmplr"," */","","var request = require('request');","var wol = require('wake_on_lan');","","var Synology = function(params) {","    this.ip = params.ip;","    this.mac = params.mac;","    this.secure = params.secure || false;","    this.port = params.port || (this.secure ? 5001 : 5000);","    this.timeout = parseInt(params.timeout) || 5000; //request timeout","    this.version = parseInt(params.version) ||  6;","","    this.user = params.user;","    this.passwd = params.passwd;","    this.auth = {","        sid: '', //session id","        time: '', //unix time","        timeout: 15 * 60 //in sec","    };","","    this.url = 'http' + (this.secure ? 's' : '') + '://' + this.ip + ':' + this.port;","};","","","/**"," * check if the sid is still valid"," * @returns {string|boolean}"," */","Synology.prototype.isLoggedIn = function() {","    return (this.auth.sid && (this.auth.time + this.auth.timeout) > (new Date / 1e3 | 0)) ? true : false;","};","","","/**"," * Login to your diskstation"," * @return {Promise}"," */","Synology.prototype._login = function() {","    var that = this;","","    return new Promise(function(resolve, reject) {","        if(that.isLoggedIn()) {","            resolve(\"Still logged in\")","        } else {","            var options = {","                url: that.url + '/webapi/auth.cgi',","                timeout: that.timeout,","                qs: {","                    api: 'SYNO.API.Auth',","                    method: 'login',","                    version: 3,","                    account: that.user,","                    passwd: that.passwd,","                    session: 'homebridge-synology-' + Math.random().toString(36).replace(/[^a-z]+/g, '').substr(0, 10),","                    format: 'sid'","                }","            };","","            request.get(options, function(err, res, body) {","                if(!err) {","                    var json = JSON.parse(body);","                    that.auth.sid = json.data.sid;","                    that.auth.time = (new Date / 1e3 | 0);","                    resolve(\"Login successfull\");","                } else {","                    reject(\"Can't Login to Diskstation\")","                }","            });","        }","    });","};","","","/**"," * get the power State of your Diskstation"," * @param callback"," */","Synology.prototype.getPowerState = function(callback) {","    that = this;","","    var options = {","        url: that.url + '/webman/index.cgi',","        method: 'GET',","        timeout: that.timeout","    }","","    request(options, function(err, res) {","        if (!err && res.statusCode == 200) {","            callback(null, true);","        } else {","            callback(null, false);","        }","    });","};","","","/**"," * Wake on LAN support for Diskstation"," * wol has to be enabled"," * @param callback"," */","Synology.prototype.wakeUp = function(callback) {","    var that = this;","","    wol.wake(that.mac, function(err) {","        if (!err) {","            callback(null)","        } else {","            callback(err);","        }","    });","};","","","/**"," * Shutdown your Diskstation"," * @param callback"," */","Synology.prototype.shutdown = function(callback) {","    var that = this;","","    that._login().then(function() {","        var apiUrl = (that.version >= 6) ? '/webapi/entry.cgi' : '/webapi/dsm/system.cgi';","","        var options = {","            url: that.url + apiUrl,","            qs: {","                api: (that.version >= 6) ? 'SYNO.Core.System' : 'SYNO.DSM.System',","                version: 1,","                method: 'shutdown',","                _sid: that.auth.sid","            },","            method: 'GET',","        };","","        request(options, function(err, res, body) {","            (!err && res.statusCode == 200 && JSON.parse(body).success) ? callback(null): callback(err);","        });","    }).catch(function(err) {","        callback(err);","    });","","};","","","/**"," * gets the average disk temperature"," * @param  {Function} callback [description]"," * @return {[type]}            [description]"," */","Synology.prototype.getDiskTemp = function(callback) {","    var that = this;","","    that._login().then(function(res) {","        var apiUrl = (that.version >= 6) ? '/webapi/entry.cgi' : '/webapi/dsm/info.cgi';","        var options = {","            url: that.url + apiUrl,","            qs: {","                api: (that.version >= 6) ? 'SYNO.Core.System' : '',","                version: 1,","                method: (that.version >= 6) ? 'info' : 'getinfo',","                type: 'storage',","                _sid: that.auth.sid","            },","            method: 'GET'","        };","","        request(options, function(err, res, body) {","            if (!err && res.statusCode == 200) {","                var json = JSON.parse(body);","                if (json.success) {","                    var temp = 0;","                    for (var i = json.data.hdd_info.length; i--;) {","                        temp += json.data.hdd_info[i].temp;","                    }","                    temp = Math.round(temp / json.data.hdd_info.length);","                    callback(null, temp);","                } else {","                    callback(err);","                }","            } else {","                callback(err);","            }","        });","    }).catch(function(err) {","        callback(err);","    });","}","","","/**"," * System temperature of your diskstation"," * If not available, it returns your average disk temperature"," * @param callback"," */","Synology.prototype.getSystemTemp = function(callback) {","    var that = this;","","    that._login().then(function() {","        var apiUrl = (that.version >= 6) ? '/webapi/entry.cgi' : '/webapi/dsm/info.cgi';","        var options = {","            url: that.url + apiUrl,","            qs: {","                api: (that.version >= 6) ? 'SYNO.Core.System' : 'SYNO.DSM.Info',","                version: 1,","                method: (that.version >= 6) ? 'info' : 'getinfo',","                _sid: that.auth.sid","            },","            method: 'GET'","        };","        request(options, function(err, res, body) {","            if (!err && res.statusCode == 200) {","                var json = JSON.parse(body);","                if (json.success && typeof json.data.temperature !== 'undefined') {","                    callback(null, json.data.temperature);","                } else {","                    that.getDiskTemp(function(error, data) {","                        if(!error) {","                            callback(null, data)","                        } else {","                            callback(\"An error occured while getting SystemTemp: \" + error)","                        }","                    });","                }","            } else {","                callback(\"An error occured while getting SystemTemp: \" + err);","            }","        });","    }).catch(function(err) {","        callback(\"An error occured while getting SystemTemp: \" + err);","    });","};","","","/**"," * returns the current cpu load"," * @param callback"," */","Synology.prototype.getCpuLoad = function(callback) {","    var that = this;","","    that._login().then(function() {","","        var apiUrl = (that.version >= 6) ? '/webapi/entry.cgi' : '/webapi/dsm/system_loading.cgi';","        var options = {","            url: that.url + apiUrl,","            qs: {","                api: (that.version >= 6) ? 'SYNO.Core.System.Utilization' : 'SYNO.DSM.SystemLoading',","                version: 1,","                method: (that.version >= 6) ? 'get' : 'getinfo',","                type: 'current',","                resource: ['cpu'],","                _sid: that.auth.sid","            },","            method: 'GET'","        };","","        request(options, function(err, res, body) {","            if (!err && res.statusCode == 200) {","                var json = JSON.parse(body);","                if (json.success) {","                    if (that.version >= 6) {","                        var load = json.data.cpu['other_load'] +","                            json.data.cpu['system_load'] +","                            json.data.cpu['user_load'];","                    } else {","                        load = Math.round(json.data.cpu.user * 100);","                    }","                    callback(null, load);","                } else {","                    callback(\"An error occured while getting CpuLoad: \" + json.error.code);","                }","            } else {","                callback(\"An error occured while getting CpuLoad: \" + err);","            }","        });","    }).catch(function(err) {","        callback(\"An error occured while getting CpuLoad: \" + err);","    })","};","","","/**"," * Gets the current disk/volume usage quote"," * returns the average if there are more than one volume"," * @param callback"," */","Synology.prototype.getDiskUsage = function(callback) {","    var that = this;","","    that._login().then(function() {","        var apiUrl = (that.version >= 6) ? '/webapi/entry.cgi' : '/webapi/dsm/volume.cgi';","        var options = {","            url: that.url + apiUrl,","            qs: {","                api: (that.version >= 6) ? 'SYNO.Core.System' : 'SYNO.DSM.Volume',","                version: 1,","                method: (that.version >= 6) ? 'info' : 'list',","                type: 'storage', //only dsm >= 6","                _sid: that.auth.sid","            },","            method: 'GET'","        };","","        request(options, function(err, res, body) {","            if (!err && res.statusCode == 200) {","                var json = JSON.parse(body);","","                //dsm version 5.x","                if (json.success && that.version < 6) {","                    var used = 0,","                        total = 0;","                    for (var i = json.data.volumes.length; i--;) {","                        used += json.data.volumes[i].used;","                        total += json.data.volumes[i].total;","                    }","                    callback(null, Math.round(used / total * 100));","","                    //dsm version 6.x","                } else if (json.success && that.version >= 6) {","                    var used = 0,","                        total = 0;","                    for (var i = json.data.vol_info.length; i--;) {","                        used += json.data.vol_info[i].used_size;","                        total += json.data.vol_info[i].total_size;","                    }","                    callback(null, Math.round(used / total * 100));","","                } else {","                    callback(\"An error occured while getting DiskUsage: \" + json.error.code);","                }","            } else {","                callback(\"An error occured while getting DiskUsage: \" + err);","            }","        });","    }).catch(function(err) {","        callback(err);","    });","};","","module.exports = Synology;",""],"l":{"6":1,"7":1,"9":1,"10":0,"11":0,"12":0,"13":0,"14":0,"15":0,"17":0,"18":0,"19":0,"25":0,"33":1,"34":0,"42":1,"43":0,"45":0,"46":0,"47":0,"49":0,"63":0,"64":0,"65":0,"66":0,"67":0,"68":0,"70":0,"82":1,"83":0,"85":0,"91":0,"92":0,"93":0,"95":0,"106":1,"107":0,"109":0,"110":0,"111":0,"113":0,"123":1,"124":0,"126":0,"127":0,"129":0,"140":0,"141":0,"144":0,"155":1,"156":0,"158":0,"159":0,"160":0,"172":0,"173":0,"174":0,"175":0,"176":0,"177":0,"178":0,"180":0,"181":0,"183":0,"186":0,"190":0,"200":1,"201":0,"203":0,"204":0,"205":0,"215":0,"216":0,"217":0,"218":0,"219":0,"221":0,"222":0,"223":0,"225":0,"230":0,"234":0,"243":1,"244":0,"246":0,"248":0,"249":0,"262":0,"263":0,"264":0,"265":0,"266":0,"267":0,"271":0,"273":0,"275":0,"278":0,"282":0,"292":1,"293":0,"295":0,"296":0,"297":0,"309":0,"310":0,"311":0,"314":0,"315":0,"317":0,"318":0,"319":0,"321":0,"324":0,"325":0,"327":0,"328":0,"329":0,"331":0,"334":0,"337":0,"341":0,"345":1}}}